Unity Editor version:    2020.3.26f1 (7298b473bc1a)
Branch:                  2020.3/staging
Build type:              Release
Batch mode:              YES
System name:             Linux
Distro version:          #109-Ubuntu SMP Wed Jan 12 16:49:16 UTC 2022
Kernel version:          5.4.0-96-generic
Architecture:            x86_64
Available memory:        7292 MB
Using pre-set license
Pro License: NO
Desktop is 1920 x 1080 @ 60 Hz

COMMAND LINE ARGUMENTS:
Unity
-adb2
-batchMode
-noUpm
-name
AssetImportWorker0
-projectPath
/home/alireza/Project/Start!
-logFile
Logs/AssetImportWorker0.log
-srvPort
33193
Successfully changed project path to: /home/alireza/Project/Start!
/home/alireza/Project/Start!
Using Asset Import Pipeline V2.
Refreshing native plugins compatible for Editor in 42.57 ms, found 0 plugins.
Preloading 0 native plugins for Editor in 0.00 ms.
Initialize engine version: 2020.3.26f1 (7298b473bc1a)
[Subsystems] Discovering subsystems at path /home/alireza/Unity/Hub/Editor/2020.3.26f1/Editor/Data/Resources/UnitySubsystems
[Subsystems] Discovering subsystems at path /home/alireza/Project/Start!/Assets
GLX Extensions: GLX_ARB_create_context GLX_ARB_create_context_no_error GLX_ARB_create_context_profile GLX_ARB_create_context_robustness GLX_ARB_fbconfig_float GLX_ARB_framebuffer_sRGB GLX_ARB_get_proc_address GLX_ARB_multisample GLX_EXT_buffer_age GLX_EXT_create_context_es2_profile GLX_EXT_create_context_es_profile GLX_EXT_fbconfig_packed_float GLX_EXT_framebuffer_sRGB GLX_EXT_import_context GLX_EXT_swap_control GLX_EXT_swap_control_tear GLX_EXT_texture_from_pixmap GLX_EXT_visual_info GLX_EXT_visual_rating GLX_INTEL_swap_event GLX_MESA_copy_sub_buffer GLX_MESA_query_renderer GLX_MESA_swap_control GLX_OML_swap_method GLX_OML_sync_control GLX_SGIS_multisample GLX_SGIX_fbconfig GLX_SGIX_pbuffer GLX_SGIX_visual_select_group GLX_SGI_make_current_read GLX_SGI_swap_control GLX_SGI_video_sync 
Renderer: Mesa Intel(R) UHD Graphics 620 (KBL GT2)
Vendor:   Intel
Version:  4.6 (Core Profile) Mesa 21.0.3
GLES:     0
 GL_3DFX_texture_compression_FXT1 GL_AMD_conservative_depth GL_AMD_depth_clamp_separate GL_AMD_draw_buffers_blend GL_AMD_gpu_shader_int64 GL_AMD_multi_draw_indirect GL_AMD_performance_monitor GL_AMD_pinned_memory GL_AMD_query_buffer_object GL_AMD_seamless_cubemap_per_texture GL_AMD_shader_stencil_export GL_AMD_shader_trinary_minmax GL_AMD_texture_texture4 GL_AMD_vertex_shader_layer GL_AMD_vertex_shader_viewport_index GL_ANGLE_texture_compression_dxt3 GL_ANGLE_texture_compression_dxt5 GL_ARB_ES2_compatibility GL_ARB_ES3_1_compatibility GL_ARB_ES3_2_compatibility GL_ARB_ES3_compatibility GL_ARB_arrays_of_arrays GL_ARB_base_instance GL_ARB_blend_func_extended GL_ARB_buffer_storage GL_ARB_clear_buffer_object GL_ARB_clear_texture GL_ARB_clip_control GL_ARB_compressed_texture_pixel_storage GL_ARB_compute_shader GL_ARB_compute_variable_group_size GL_ARB_conditional_render_inverted GL_ARB_conservative_depth GL_ARB_copy_buffer GL_ARB_copy_image GL_ARB_cull_distance GL_ARB_debug_output GL_ARB_depth_buffer_float GL_ARB
_depth_clamp GL_ARB_derivative_control GL_ARB_direct_state_access GL_ARB_draw_buffers GL_ARB_draw_buffers_blend GL_ARB_draw_elements_base_vertex GL_ARB_draw_indirect GL_ARB_draw_instanced GL_ARB_enhanced_layouts GL_ARB_explicit_attrib_location GL_ARB_explicit_uniform_location GL_ARB_fragment_coord_conventions GL_ARB_fragment_layer_viewport GL_ARB_fragment_shader GL_ARB_fragment_shader_interlock GL_ARB_framebuffer_no_attachments GL_ARB_framebuffer_object GL_ARB_framebuffer_sRGB GL_ARB_get_program_binary GL_ARB_get_texture_sub_image GL_ARB_gl_spirv GL_ARB_gpu_shader5 GL_ARB_gpu_shader_fp64 GL_ARB_gpu_shader_int64 GL_ARB_half_float_pixel GL_ARB_half_float_vertex GL_ARB_indirect_parameters GL_ARB_instanced_arrays GL_ARB_internalformat_query GL_ARB_internalformat_query2 GL_ARB_invalidate_subdata GL_ARB_map_buffer_alignment GL_ARB_map_buffer_range GL_ARB_multi_bind GL_ARB_multi_draw_indirect GL_ARB_occlusion_query2 GL_ARB_parallel_shader_compile GL_ARB_pipeline_statistics_query GL_ARB_pixel_buffer_object GL_ARB_po
int_sprite GL_ARB_polygon_offset_clamp GL_ARB_post_depth_coverage GL_ARB_program_interface_query GL_ARB_provoking_vertex GL_ARB_query_buffer_object GL_ARB_robust_buffer_access_behavior GL_ARB_robustness GL_ARB_sample_shading GL_ARB_sampler_objects GL_ARB_seamless_cube_map GL_ARB_seamless_cubemap_per_texture GL_ARB_separate_shader_objects GL_ARB_shader_atomic_counter_ops GL_ARB_shader_atomic_counters GL_ARB_shader_ballot GL_ARB_shader_bit_encoding GL_ARB_shader_clock GL_ARB_shader_draw_parameters GL_ARB_shader_group_vote GL_ARB_shader_image_load_store GL_ARB_shader_image_size GL_ARB_shader_objects GL_ARB_shader_precision GL_ARB_shader_stencil_export GL_ARB_shader_storage_buffer_object GL_ARB_shader_subroutine GL_ARB_shader_texture_image_samples GL_ARB_shader_texture_lod GL_ARB_shader_viewport_layer_array GL_ARB_shading_language_420pack GL_ARB_shading_language_include GL_ARB_shading_language_packing GL_ARB_spirv_extensions GL_ARB_stencil_texturing GL_ARB_sync GL_ARB_tessellation_shader GL_ARB_texture_barrier G
L_ARB_texture_buffer_object GL_ARB_texture_buffer_object_rgb32 GL_ARB_texture_buffer_range GL_ARB_texture_compression_bptc GL_ARB_texture_compression_rgtc GL_ARB_texture_cube_map_array GL_ARB_texture_filter_anisotropic GL_ARB_texture_float GL_ARB_texture_gather GL_ARB_texture_mirror_clamp_to_edge GL_ARB_texture_multisample GL_ARB_texture_non_power_of_two GL_ARB_texture_query_levels GL_ARB_texture_query_lod GL_ARB_texture_rectangle GL_ARB_texture_rg GL_ARB_texture_rgb10_a2ui GL_ARB_texture_stencil8 GL_ARB_texture_storage GL_ARB_texture_storage_multisample GL_ARB_texture_swizzle GL_ARB_texture_view GL_ARB_timer_query GL_ARB_transform_feedback2 GL_ARB_transform_feedback3 GL_ARB_transform_feedback_instanced GL_ARB_transform_feedback_overflow_query GL_ARB_uniform_buffer_object GL_ARB_vertex_array_bgra GL_ARB_vertex_array_object GL_ARB_vertex_attrib_64bit GL_ARB_vertex_attrib_binding GL_ARB_vertex_buffer_object GL_ARB_vertex_shader GL_ARB_vertex_type_10f_11f_11f_rev GL_ARB_vertex_type_2_10_10_10_rev GL_ARB_viewpor
t_array GL_ATI_blend_equation_separate GL_ATI_texture_float GL_EXT_EGL_image_storage GL_EXT_EGL_sync GL_EXT_abgr GL_EXT_blend_equation_separate GL_EXT_demote_to_helper_invocation GL_EXT_draw_buffers2 GL_EXT_draw_instanced GL_EXT_framebuffer_blit GL_EXT_framebuffer_multisample GL_EXT_framebuffer_multisample_blit_scaled GL_EXT_framebuffer_object GL_EXT_framebuffer_sRGB GL_EXT_packed_depth_stencil GL_EXT_packed_float GL_EXT_pixel_buffer_object GL_EXT_polygon_offset_clamp GL_EXT_provoking_vertex GL_EXT_semaphore GL_EXT_semaphore_fd GL_EXT_shader_framebuffer_fetch GL_EXT_shader_framebuffer_fetch_non_coherent GL_EXT_shader_integer_mix GL_EXT_shader_samples_identical GL_EXT_texture_array GL_EXT_texture_compression_dxt1 GL_EXT_texture_compression_rgtc GL_EXT_texture_compression_s3tc GL_EXT_texture_filter_anisotropic GL_EXT_texture_integer GL_EXT_texture_sRGB GL_EXT_texture_sRGB_R8 GL_EXT_texture_sRGB_decode GL_EXT_texture_shadow_lod GL_EXT_texture_shared_exponent GL_EXT_texture_snorm GL_EXT_texture_swizzle GL_EXT_ti
mer_query GL_EXT_transform_feedback GL_EXT_vertex_array_bgra GL_EXT_vertex_attrib_64bit GL_IBM_multimode_draw_arrays GL_INTEL_blackhole_render GL_INTEL_conservative_rasterization GL_INTEL_performance_query GL_INTEL_shader_atomic_float_minmax GL_INTEL_shader_integer_functions2 GL_KHR_blend_equation_advanced GL_KHR_blend_equation_advanced_coherent GL_KHR_context_flush_control GL_KHR_debug GL_KHR_no_error GL_KHR_parallel_shader_compile GL_KHR_robust_buffer_access_behavior GL_KHR_robustness GL_KHR_texture_compression_astc_ldr GL_KHR_texture_compression_astc_sliced_3d GL_MESA_framebuffer_flip_y GL_MESA_pack_invert GL_MESA_shader_integer_functions GL_MESA_texture_signed_rgba GL_NV_compute_shader_derivatives GL_NV_conditional_render GL_NV_copy_image GL_NV_depth_clamp GL_NV_fragment_shader_interlock GL_NV_packed_depth_stencil GL_NV_texture_barrier GL_OES_EGL_image GL_S3_s3tc
OPENGL LOG: Creating OpenGL 4.6 graphics device ; Context level  <OpenGL 4.5> ; Context handle -1411730064
Initialize mono
Mono path[0] = '/home/alireza/Unity/Hub/Editor/2020.3.26f1/Editor/Data/Managed'
Mono path[1] = '/home/alireza/Unity/Hub/Editor/2020.3.26f1/Editor/Data/MonoBleedingEdge/lib/mono/unityjit'
Mono config path = '/home/alireza/Unity/Hub/Editor/2020.3.26f1/Editor/Data/MonoBleedingEdge/etc'
Using monoOptions --debugger-agent=transport=dt_socket,embedding=1,server=y,suspend=n,address=127.0.0.1:56623
Begin MonoManager ReloadAssembly
Registering precompiled unity dll's ...
Register platform support module: /home/alireza/Unity/Hub/Editor/2020.3.26f1/Editor/Data/PlaybackEngines/WebGLSupport/UnityEditor.WebGL.Extensions.dll
Register platform support module: /home/alireza/Unity/Hub/Editor/2020.3.26f1/Editor/Data/PlaybackEngines/WindowsStandaloneSupport/UnityEditor.WindowsStandalone.Extensions.dll
Register platform support module: /home/alireza/Unity/Hub/Editor/2020.3.26f1/Editor/Data/PlaybackEngines/LinuxStandaloneSupport/UnityEditor.LinuxStandalone.Extensions.dll
Registered in 0.002794 seconds.
Native extension for LinuxStandalone target not found
Native extension for WindowsStandalone target not found
Native extension for WebGL target not found
Refreshing native plugins compatible for Editor in 40.41 ms, found 0 plugins.
Preloading 0 native plugins for Editor in 0.00 ms.
Mono: successfully reloaded assembly
- Completed reload, in  0.819 seconds
Domain Reload Profiling:
	ReloadAssembly (819ms)
		BeginReloadAssembly (39ms)
			ExecutionOrderSort (0ms)
			DisableScriptedObjects (0ms)
			BackupInstance (0ms)
			ReleaseScriptingObjects (0ms)
			CreateAndSetChildDomain (1ms)
		EndReloadAssembly (692ms)
			LoadAssemblies (38ms)
			RebuildTransferFunctionScriptingTraits (0ms)
			SetupTypeCache (202ms)
			ReleaseScriptCaches (0ms)
			RebuildScriptCaches (41ms)
			SetupLoadedEditorAssemblies (318ms)
				LogAssemblyErrors (0ms)
				InitializePlatformSupportModulesInManaged (7ms)
				SetLoadedEditorAssemblies (0ms)
				RefreshPlugins (40ms)
				BeforeProcessingInitializeOnLoad (8ms)
				ProcessInitializeOnLoadAttributes (142ms)
				ProcessInitializeOnLoadMethodAttributes (119ms)
				AfterProcessingInitializeOnLoad (0ms)
				EditorAssembliesLoaded (0ms)
			ExecutionOrderSort2 (0ms)
			AwakeInstancesAfterBackupRestoration (0ms)
Platform modules already initialized, skipping
Registering precompiled user dll's ...
Registered in 0.003316 seconds.
Begin MonoManager ReloadAssembly
Native extension for LinuxStandalone target not found
Native extension for WindowsStandalone target not found
Native extension for WebGL target not found
Refreshing native plugins compatible for Editor in 0.48 ms, found 0 plugins.
Preloading 0 native plugins for Editor in 0.00 ms.
Mono: successfully reloaded assembly
- Completed reload, in  1.766 seconds
Domain Reload Profiling:
	ReloadAssembly (1783ms)
		BeginReloadAssembly (131ms)
			ExecutionOrderSort (0ms)
			DisableScriptedObjects (5ms)
			BackupInstance (0ms)
			ReleaseScriptingObjects (0ms)
			CreateAndSetChildDomain (22ms)
		EndReloadAssembly (1593ms)
			LoadAssemblies (632ms)
			RebuildTransferFunctionScriptingTraits (0ms)
			SetupTypeCache (301ms)
			ReleaseScriptCaches (0ms)
			RebuildScriptCaches (57ms)
			SetupLoadedEditorAssemblies (433ms)
				LogAssemblyErrors (0ms)
				InitializePlatformSupportModulesInManaged (8ms)
				SetLoadedEditorAssemblies (1ms)
				RefreshPlugins (0ms)
				BeforeProcessingInitializeOnLoad (53ms)
				ProcessInitializeOnLoadAttributes (268ms)
				ProcessInitializeOnLoadMethodAttributes (97ms)
				AfterProcessingInitializeOnLoad (5ms)
				EditorAssembliesLoaded (0ms)
			ExecutionOrderSort2 (0ms)
			AwakeInstancesAfterBackupRestoration (7ms)
Platform modules already initialized, skipping
========================================================================
Worker process is ready to serve import requests
Launched and connected shader compiler UnityShaderCompiler after 0.20 seconds
Refreshing native plugins compatible for Editor in 1.07 ms, found 0 plugins.
Preloading 0 native plugins for Editor in 0.00 ms.
Unloading 1503 Unused Serialized files (Serialized files now loaded: 0)
System memory in use before: 75.1 MB.
System memory in use after: 75.1 MB.

Unloading 19 unused Assets to reduce memory usage. Loaded Objects now: 1951.
Total: 11.034705 ms (FindLiveObjects: 0.300182 ms CreateObjectMapping: 0.145117 ms MarkObjects: 10.124320 ms  DeleteObjects: 0.462146 ms)

AssetImportParameters requested are different than current active one (requested -> active):
  custom:video-decoder-ogg-theora: a1e56fd34408186e4bbccfd4996cb3dc -> 
  custom:container-muxer-webm: aa71ff27fc2769a1b78a27578f13a17b -> 
  custom:container-demuxer-webm: 4f35f7cbe854078d1ac9338744f61a02 -> 
  custom:container-demuxer-ogg: 62fdf1f143b41e24485cea50d1cbac27 -> 
  custom:video-encoder-webm-vp8: eb34c28f22e8b96e1ab97ce403110664 -> 
  custom:video-decoder-webm-vp8: 9c59270c3fd7afecdb556c50c9e8de78 -> 
  custom:audio-decoder-ogg-vorbis: bf7c407c2cedff20999df2af8eb42d56 -> 
  custom:audio-encoder-webm-vorbis: bf7c407c2cedff20999df2af8eb42d56 -> 
========================================================================
Received Import Request.
  path: Assets/Map1 Assets/RealisticRaceTrack/Materials/Grassbeton_red.png
  artifactKey: Guid(593b6f40df544f24f848038c0b3fde2c) Importer(815301076,1909f56bfc062723c751e8b465ee728b)
Start importing Assets/Map1 Assets/RealisticRaceTrack/Materials/Grassbeton_red.png using Guid(593b6f40df544f24f848038c0b3fde2c) Importer(815301076,1909f56bfc062723c751e8b465ee728b)  -> (artifact id: '4d82523388d91c15e8385250e3c0b47c') in 0.113405 seconds 
  Import took 0.118465 seconds .

========================================================================
Received Import Request.
  Time since last request: 0.000170 seconds.
  path: Assets/Map1 Assets/RealisticRaceTrack/Materials/tires.png
  artifactKey: Guid(2eda6f4f45f686d4d9d3438c02d751ca) Importer(815301076,1909f56bfc062723c751e8b465ee728b)
Start importing Assets/Map1 Assets/RealisticRaceTrack/Materials/tires.png using Guid(2eda6f4f45f686d4d9d3438c02d751ca) Importer(815301076,1909f56bfc062723c751e8b465ee728b)  -> (artifact id: '92d81e05445f274665380a069f1297ae') in 0.073358 seconds 
  Import took 0.075746 seconds .

========================================================================
Received Import Request.
  Time since last request: 0.000308 seconds.
  path: Assets/Map1 Assets/RealisticRaceTrack/Materials/guardrail.png
  artifactKey: Guid(018831b9832eded4381715df200cd966) Importer(815301076,1909f56bfc062723c751e8b465ee728b)
Start importing Assets/Map1 Assets/RealisticRaceTrack/Materials/guardrail.png using Guid(018831b9832eded4381715df200cd966) Importer(815301076,1909f56bfc062723c751e8b465ee728b)  -> (artifact id: 'ec819a30125ffb695450faf4c125e6fc') in 0.109158 seconds 
  Import took 0.111448 seconds .

========================================================================
Received Import Request.
  Time since last request: 0.000271 seconds.
  path: Assets/Map1 Assets/RealisticRaceTrack/Materials/Grass.png
  artifactKey: Guid(838d41086ed94464a93a94e026de545c) Importer(815301076,1909f56bfc062723c751e8b465ee728b)
Start importing Assets/Map1 Assets/RealisticRaceTrack/Materials/Grass.png using Guid(838d41086ed94464a93a94e026de545c) Importer(815301076,1909f56bfc062723c751e8b465ee728b)  -> (artifact id: 'b8744ba1c7947d3421a8b8df1d3caac6') in 0.006933 seconds 
  Import took 0.009302 seconds .

========================================================================
Received Import Request.
  Time since last request: 0.000277 seconds.
  path: Assets/Map1 Assets/RealisticRaceTrack/Materials/pit_zink.png
  artifactKey: Guid(4feb03e62058074448db3f2ff4102c2a) Importer(815301076,1909f56bfc062723c751e8b465ee728b)
Start importing Assets/Map1 Assets/RealisticRaceTrack/Materials/pit_zink.png using Guid(4feb03e62058074448db3f2ff4102c2a) Importer(815301076,1909f56bfc062723c751e8b465ee728b)  -> (artifact id: '7d4a9d32cc436c2b96771eb431935cfc') in 0.005585 seconds 
  Import took 0.007998 seconds .

========================================================================
Received Import Request.
  Time since last request: 0.000268 seconds.
  path: Assets/Map1 Assets/RealisticRaceTrack/Materials/runoffgreen.png
  artifactKey: Guid(966a899babd2b1545a97db2be6fdf0b6) Importer(815301076,1909f56bfc062723c751e8b465ee728b)
Start importing Assets/Map1 Assets/RealisticRaceTrack/Materials/runoffgreen.png using Guid(966a899babd2b1545a97db2be6fdf0b6) Importer(815301076,1909f56bfc062723c751e8b465ee728b)  -> (artifact id: '184f2b73e570695c6c24b0953f145541') in 0.010147 seconds 
  Import took 0.012739 seconds .

========================================================================
Received Import Request.
  Time since last request: 0.000279 seconds.
  path: Assets/Map1 Assets/RealisticRaceTrack/Materials/Asphalt.png
  artifactKey: Guid(0842634ad54356e418e9389a54f74ffe) Importer(815301076,1909f56bfc062723c751e8b465ee728b)
Start importing Assets/Map1 Assets/RealisticRaceTrack/Materials/Asphalt.png using Guid(0842634ad54356e418e9389a54f74ffe) Importer(815301076,1909f56bfc062723c751e8b465ee728b)  -> (artifact id: '54f4cfc94e4e47c039dbcf62d30b7ef4') in 0.011393 seconds 
  Import took 0.013763 seconds .

========================================================================
Received Import Request.
  Time since last request: 0.000176 seconds.
  path: Assets/Map1 Assets/RealisticRaceTrack/Materials/gravel.png
  artifactKey: Guid(f4a78b272af100a4891cffea73141fbd) Importer(815301076,1909f56bfc062723c751e8b465ee728b)
Start importing Assets/Map1 Assets/RealisticRaceTrack/Materials/gravel.png using Guid(f4a78b272af100a4891cffea73141fbd) Importer(815301076,1909f56bfc062723c751e8b465ee728b)  -> (artifact id: '9716128bef138b92acbf08d6b94ba8cb') in 1.193622 seconds 
  Import took 1.198535 seconds .

========================================================================
Received Import Request.
  Time since last request: 0.000529 seconds.
  path: Assets/Map1 Assets/RealisticRaceTrack/Materials/asphalt_03.png
  artifactKey: Guid(6e97d73a3476c414f8c07410c0bdcb4b) Importer(815301076,1909f56bfc062723c751e8b465ee728b)
Start importing Assets/Map1 Assets/RealisticRaceTrack/Materials/asphalt_03.png using Guid(6e97d73a3476c414f8c07410c0bdcb4b) Importer(815301076,1909f56bfc062723c751e8b465ee728b)  -> (artifact id: '90c6b55b6fddd670928eb0ff0deb92d6') in 0.019317 seconds 
  Import took 0.026353 seconds .

========================================================================
Received Import Request.
  Time since last request: 0.000337 seconds.
  path: Assets/Map1 Assets/RealisticRaceTrack/Materials/barrier_concrete_01.png
  artifactKey: Guid(778601c5ba5b2dc49bf498f3b5c7d0f0) Importer(815301076,1909f56bfc062723c751e8b465ee728b)
Start importing Assets/Map1 Assets/RealisticRaceTrack/Materials/barrier_concrete_01.png using Guid(778601c5ba5b2dc49bf498f3b5c7d0f0) Importer(815301076,1909f56bfc062723c751e8b465ee728b)  -> (artifact id: 'b66050e7a7d8805f25e58874ddc4aea0') in 0.033913 seconds 
  Import took 0.038021 seconds .

========================================================================
Received Import Request.
  Time since last request: 0.000176 seconds.
  path: Assets/Map1 Assets/RealisticRaceTrack/Materials/runoffred.png
  artifactKey: Guid(5bf43494817684049a9c8a9bdbca7878) Importer(815301076,1909f56bfc062723c751e8b465ee728b)
Start importing Assets/Map1 Assets/RealisticRaceTrack/Materials/runoffred.png using Guid(5bf43494817684049a9c8a9bdbca7878) Importer(815301076,1909f56bfc062723c751e8b465ee728b)  -> (artifact id: '317c310b3998bfbd9c1efe8c42cdf5a6') in 0.007297 seconds 
  Import took 0.010718 seconds .

========================================================================
Received Import Request.
  Time since last request: 0.000196 seconds.
  path: Assets/Map1 Assets/RealisticRaceTrack/Materials/kerb.png
  artifactKey: Guid(4b6b028e42882a74aaa21fb82084fd91) Importer(815301076,1909f56bfc062723c751e8b465ee728b)
Start importing Assets/Map1 Assets/RealisticRaceTrack/Materials/kerb.png using Guid(4b6b028e42882a74aaa21fb82084fd91) Importer(815301076,1909f56bfc062723c751e8b465ee728b)  -> (artifact id: 'd26ed2b30956b6761e88fb6280318a2f') in 0.011979 seconds 
  Import took 0.015426 seconds .

========================================================================
Received Import Request.
  Time since last request: 0.000224 seconds.
  path: Assets/Map1 Assets/RealisticRaceTrack/Materials/NormalMap.png
  artifactKey: Guid(ad4c50227ede5db4f9645f5cfea9fc4c) Importer(815301076,1909f56bfc062723c751e8b465ee728b)
Start importing Assets/Map1 Assets/RealisticRaceTrack/Materials/NormalMap.png using Guid(ad4c50227ede5db4f9645f5cfea9fc4c) Importer(815301076,1909f56bfc062723c751e8b465ee728b)  -> (artifact id: '71260020a3409662b3dff6c0516d2fef') in 0.120237 seconds 
  Import took 0.123727 seconds .

========================================================================
Received Import Request.
  Time since last request: 0.000286 seconds.
  path: Assets/Map1 Assets/RealisticRaceTrack/Materials/asphalt_02.png
  artifactKey: Guid(c7cffd90e79dd7b48966dd103dd4582a) Importer(815301076,1909f56bfc062723c751e8b465ee728b)
Start importing Assets/Map1 Assets/RealisticRaceTrack/Materials/asphalt_02.png using Guid(c7cffd90e79dd7b48966dd103dd4582a) Importer(815301076,1909f56bfc062723c751e8b465ee728b)  -> (artifact id: 'b34d279b72c01786ccdb52a34a399a58') in 0.006049 seconds 
  Import took 0.008709 seconds .

========================================================================
Received Import Request.
  Time since last request: 0.000191 seconds.
  path: Assets/Map1 Assets/RealisticRaceTrack/Materials/Marks.png
  artifactKey: Guid(1932426d5818adb4cada3c45891d22d1) Importer(815301076,1909f56bfc062723c751e8b465ee728b)
Start importing Assets/Map1 Assets/RealisticRaceTrack/Materials/Marks.png using Guid(1932426d5818adb4cada3c45891d22d1) Importer(815301076,1909f56bfc062723c751e8b465ee728b)  -> (artifact id: 'c925790d54bbbbfcdd7f69012df2053b') in 0.015542 seconds 
  Import took 0.019220 seconds .

========================================================================
Received Import Request.
  Time since last request: 0.000357 seconds.
  path: Assets/Map1 Assets/RealisticRaceTrack/Materials/Grassbeton.png
  artifactKey: Guid(ae4c81a2c279dec4cb0d0c4c7cdef5c6) Importer(815301076,1909f56bfc062723c751e8b465ee728b)
Start importing Assets/Map1 Assets/RealisticRaceTrack/Materials/Grassbeton.png using Guid(ae4c81a2c279dec4cb0d0c4c7cdef5c6) Importer(815301076,1909f56bfc062723c751e8b465ee728b)  -> (artifact id: '3d8ce02e4be06bb12c287686196a28ec') in 0.007124 seconds 
  Import took 0.010937 seconds .

========================================================================
Received Import Request.
  Time since last request: 0.000291 seconds.
  path: Assets/Map1 Assets/RealisticRaceTrack/Materials/gitter.png
  artifactKey: Guid(2801093132bad3946b03b336b0c2c7e4) Importer(815301076,1909f56bfc062723c751e8b465ee728b)
Start importing Assets/Map1 Assets/RealisticRaceTrack/Materials/gitter.png using Guid(2801093132bad3946b03b336b0c2c7e4) Importer(815301076,1909f56bfc062723c751e8b465ee728b)  -> (artifact id: '6ac6456dd9457039ee29b2446b31fdc8') in 0.004861 seconds 
  Import took 0.007948 seconds .

========================================================================
Received Import Request.
  Time since last request: 0.000279 seconds.
  path: Assets/Map1 Assets/RealisticRaceTrack/Materials/gradients.png
  artifactKey: Guid(04e03ea6d563c4a43a77a778c5c3d2de) Importer(815301076,1909f56bfc062723c751e8b465ee728b)
Start importing Assets/Map1 Assets/RealisticRaceTrack/Materials/gradients.png using Guid(04e03ea6d563c4a43a77a778c5c3d2de) Importer(815301076,1909f56bfc062723c751e8b465ee728b)  -> (artifact id: 'aa2d1f8e834f883693d52536e7b1ad41') in 0.013397 seconds 
  Import took 0.016627 seconds .

========================================================================
Received Import Request.
  Time since last request: 119.252481 seconds.
  path: Assets/Map1 Assets/RealisticRaceTrack/Materials/trees_01.png
  artifactKey: Guid(0d6969fd033d7674fa8a2971bb23b99c) Importer(815301076,1909f56bfc062723c751e8b465ee728b)
Start importing Assets/Map1 Assets/RealisticRaceTrack/Materials/trees_01.png using Guid(0d6969fd033d7674fa8a2971bb23b99c) Importer(815301076,1909f56bfc062723c751e8b465ee728b)  -> (artifact id: '0a7ddd799fcf209f98a5b36ec810e379') in 0.028791 seconds 
  Import took 0.034720 seconds .

========================================================================
Received Import Request.
  Time since last request: 0.000295 seconds.
  path: Assets/Map1 Assets/RealisticRaceTrack/Materials/water.png
  artifactKey: Guid(2c19cef3d6f1ca948bfea96788347fc1) Importer(815301076,1909f56bfc062723c751e8b465ee728b)
Start importing Assets/Map1 Assets/RealisticRaceTrack/Materials/water.png using Guid(2c19cef3d6f1ca948bfea96788347fc1) Importer(815301076,1909f56bfc062723c751e8b465ee728b)  -> (artifact id: '6140181564e4d4caf1c9338bdd7783ad') in 0.006645 seconds 
  Import took 0.009315 seconds .

========================================================================
Received Import Request.
  Time since last request: 204.435105 seconds.
  path: Assets/New Terrain.asset
  artifactKey: Guid(4f95073bfc3fbbbcf8d2d9efd32e7445) Importer(815301076,1909f56bfc062723c751e8b465ee728b)
Start importing Assets/New Terrain.asset using Guid(4f95073bfc3fbbbcf8d2d9efd32e7445) Importer(815301076,1909f56bfc062723c751e8b465ee728b)  -> (artifact id: '86651d2d6fbb5b6f3409cefd9e77f599') in 0.043461 seconds 
  Import took 0.143132 seconds .

========================================================================
Received Import Request.
  Time since last request: 58.870401 seconds.
  path: Assets/Map1 Assets/0TRIBUENE_02.022_SUB0.prefab
  artifactKey: Guid(5cbd12ae10069e331aaf03da47174311) Importer(815301076,1909f56bfc062723c751e8b465ee728b)
Start importing Assets/Map1 Assets/0TRIBUENE_02.022_SUB0.prefab using Guid(5cbd12ae10069e331aaf03da47174311) Importer(815301076,1909f56bfc062723c751e8b465ee728b)  -> (artifact id: '9bb3bd0c4d66d3963c5ece3772444034') in 0.235396 seconds 
  Import took 0.239621 seconds .

========================================================================
Received Import Request.
  Time since last request: 2.175534 seconds.
  path: Assets/Map1 Assets/0TRIBUENE_02.022_SUB2.prefab
  artifactKey: Guid(42c6a0194d91ac16c93bb9aabff7e96c) Importer(815301076,1909f56bfc062723c751e8b465ee728b)
Start importing Assets/Map1 Assets/0TRIBUENE_02.022_SUB2.prefab using Guid(42c6a0194d91ac16c93bb9aabff7e96c) Importer(815301076,1909f56bfc062723c751e8b465ee728b)  -> (artifact id: '9f36ba7f69158a813c0998be2a6b9527') in 0.078193 seconds 
  Import took 0.080959 seconds .

========================================================================
Received Import Request.
  Time since last request: 416.356872 seconds.
  path: Assets/Map1 Assets/0TRIBUENE_02.022_SUB1.prefab
  artifactKey: Guid(e16a395f01d60dd699518e03f0c5ee76) Importer(815301076,1909f56bfc062723c751e8b465ee728b)
Start importing Assets/Map1 Assets/0TRIBUENE_02.022_SUB1.prefab using Guid(e16a395f01d60dd699518e03f0c5ee76) Importer(815301076,1909f56bfc062723c751e8b465ee728b)  -> (artifact id: 'd523d404c4b48df19d87b7ec24484014') in 0.060382 seconds 
  Import took 0.063313 seconds .

========================================================================
Received Import Request.
  Time since last request: 6.870259 seconds.
  path: Assets/Map1 Assets/NewLayer 1.terrainlayer
  artifactKey: Guid(15292b63381b44eb48dd4a6b611c59d6) Importer(815301076,1909f56bfc062723c751e8b465ee728b)
Start importing Assets/Map1 Assets/NewLayer 1.terrainlayer using Guid(15292b63381b44eb48dd4a6b611c59d6) Importer(815301076,1909f56bfc062723c751e8b465ee728b)  -> (artifact id: '1bc6048c78d5e2927f82cd9209861cec') in 0.076754 seconds 
  Import took 0.081158 seconds .

========================================================================
Received Import Request.
  Time since last request: 0.000272 seconds.
  path: Assets/Map1 Assets/NewLayer.terrainlayer
  artifactKey: Guid(6c93877fa6a440392b3733e1533d3579) Importer(815301076,1909f56bfc062723c751e8b465ee728b)
Start importing Assets/Map1 Assets/NewLayer.terrainlayer using Guid(6c93877fa6a440392b3733e1533d3579) Importer(815301076,1909f56bfc062723c751e8b465ee728b)  -> (artifact id: '4c1cd5ade26f75c92b84519ea469b5d1') in 0.029633 seconds 
  Import took 0.033585 seconds .

========================================================================
Received Import Request.
  Time since last request: 1876.150071 seconds.
  path: Assets/New Terrain.asset
  artifactKey: Guid(4f95073bfc3fbbbcf8d2d9efd32e7445) Importer(815301076,1909f56bfc062723c751e8b465ee728b)
Start importing Assets/New Terrain.asset using Guid(4f95073bfc3fbbbcf8d2d9efd32e7445) Importer(815301076,1909f56bfc062723c751e8b465ee728b)  -> (artifact id: 'd3a1026f21e1fe7052f3a6c5b7df9a54') in 0.350084 seconds 
  Import took 0.396965 seconds .

========================================================================
Received Import Request.
  Time since last request: 129.978532 seconds.
  path: Assets/Map1 Assets/1WALL_09_SUB0.prefab
  artifactKey: Guid(d21b53d13fdb426dba62a7cf87719973) Importer(815301076,1909f56bfc062723c751e8b465ee728b)
Start importing Assets/Map1 Assets/1WALL_09_SUB0.prefab using Guid(d21b53d13fdb426dba62a7cf87719973) Importer(815301076,1909f56bfc062723c751e8b465ee728b)  -> (artifact id: '1cc32f363418510123c2aa8cf894f0a7') in 0.089214 seconds 
  Import took 0.092744 seconds .

========================================================================
Received Import Request.
  Time since last request: 7.701855 seconds.
  path: Assets/Map1 Assets/1WALL_09_SUB0 1.prefab
  artifactKey: Guid(526717a9b0cf973ef8bba457b46f5064) Importer(815301076,1909f56bfc062723c751e8b465ee728b)
Start importing Assets/Map1 Assets/1WALL_09_SUB0 1.prefab using Guid(526717a9b0cf973ef8bba457b46f5064) Importer(815301076,1909f56bfc062723c751e8b465ee728b)  -> (artifact id: '83f7a24d39002457ea39a0ab577afdec') in 0.010735 seconds 
  Import took 0.061632 seconds .

========================================================================
Received Import Request.
  Time since last request: 6.219137 seconds.
  path: Assets/Map1 Assets/1WALL_tires01_06.prefab
  artifactKey: Guid(d315eb953ac837707a8e38d8901670bd) Importer(815301076,1909f56bfc062723c751e8b465ee728b)
Start importing Assets/Map1 Assets/1WALL_tires01_06.prefab using Guid(d315eb953ac837707a8e38d8901670bd) Importer(815301076,1909f56bfc062723c751e8b465ee728b)  -> (artifact id: '77c01100759521d40fa5e8f864b0b52f') in 0.227152 seconds 
  Import took 0.230347 seconds .

========================================================================
Received Import Request.
  Time since last request: 204.461542 seconds.
  path: Assets/Map1 Assets/RealisticRaceTrack/Materials
  artifactKey: Guid(7e21895cd6074d44db4fdd6410fc1f80) Importer(815301076,1909f56bfc062723c751e8b465ee728b)
Start importing Assets/Map1 Assets/RealisticRaceTrack/Materials using Guid(7e21895cd6074d44db4fdd6410fc1f80) Importer(815301076,1909f56bfc062723c751e8b465ee728b)  -> (artifact id: 'b6265aa9a6dca989022049f25a3f1abf') in 0.001166 seconds 
  Import took 0.005850 seconds .

========================================================================
Received Import Request.
  Time since last request: 0.067769 seconds.
  path: Assets/Map1 Assets/RealisticRaceTrack/Materials/1KERB_white_01Mat.mat
  artifactKey: Guid(26585fb686248f44d8a8e7b6fd9a3df1) Importer(815301076,1909f56bfc062723c751e8b465ee728b)
Start importing Assets/Map1 Assets/RealisticRaceTrack/Materials/1KERB_white_01Mat.mat using Guid(26585fb686248f44d8a8e7b6fd9a3df1) Importer(815301076,1909f56bfc062723c751e8b465ee728b)  -> (artifact id: '0b37ba4411e89ca3b8ad9b50d6cac80b') in 0.451937 seconds 
  Import took 0.454813 seconds .

========================================================================
Received Import Request.
  Time since last request: 0.000140 seconds.
  path: Assets/Map1 Assets/RealisticRaceTrack/Materials/1OFFTRACK.001_SUB1Mat.mat
  artifactKey: Guid(526cb1ace03a0d74084f023fcaa51aa0) Importer(815301076,1909f56bfc062723c751e8b465ee728b)
Start importing Assets/Map1 Assets/RealisticRaceTrack/Materials/1OFFTRACK.001_SUB1Mat.mat using Guid(526cb1ace03a0d74084f023fcaa51aa0) Importer(815301076,1909f56bfc062723c751e8b465ee728b)  -> (artifact id: 'c5393778ed7acf45dcc1d4680d81809d') in 0.013302 seconds 
  Import took 0.015767 seconds .

========================================================================
Received Import Request.
  Time since last request: 0.000167 seconds.
  path: Assets/Map1 Assets/RealisticRaceTrack/Materials/1WALL_04_SUB0Mat.mat
  artifactKey: Guid(2d7ebfff72512224bacc560a70131605) Importer(815301076,1909f56bfc062723c751e8b465ee728b)
Start importing Assets/Map1 Assets/RealisticRaceTrack/Materials/1WALL_04_SUB0Mat.mat using Guid(2d7ebfff72512224bacc560a70131605) Importer(815301076,1909f56bfc062723c751e8b465ee728b)  -> (artifact id: 'efe00d2acd004ea40ce508b46a3ba871') in 0.012823 seconds 
  Import took 0.015708 seconds .

========================================================================
Received Import Request.
  Time since last request: 0.000129 seconds.
  path: Assets/Map1 Assets/RealisticRaceTrack/Materials/1WALL_07_SUB1Mat.mat
  artifactKey: Guid(d4b8cd66086751d4e9e74708f46df4ef) Importer(815301076,1909f56bfc062723c751e8b465ee728b)
Start importing Assets/Map1 Assets/RealisticRaceTrack/Materials/1WALL_07_SUB1Mat.mat using Guid(d4b8cd66086751d4e9e74708f46df4ef) Importer(815301076,1909f56bfc062723c751e8b465ee728b)  -> (artifact id: 'ebbdc39da2cef34a52f63d1094906bdd') in 0.021651 seconds 
  Import took 0.024880 seconds .

========================================================================
Received Import Request.
  Time since last request: 0.000160 seconds.
  path: Assets/Map1 Assets/RealisticRaceTrack/Materials/1WALL_Pitbox01_01.003_SUB2Mat.mat
  artifactKey: Guid(a948a2162263f0a47a0aae7554041bc6) Importer(815301076,1909f56bfc062723c751e8b465ee728b)
Start importing Assets/Map1 Assets/RealisticRaceTrack/Materials/1WALL_Pitbox01_01.003_SUB2Mat.mat using Guid(a948a2162263f0a47a0aae7554041bc6) Importer(815301076,1909f56bfc062723c751e8b465ee728b)  -> (artifact id: '06e25d4598ec2299cbe54bcc574ad7bb') in 0.009212 seconds 
  Import took 0.013108 seconds .

========================================================================
Received Import Request.
  Time since last request: 0.000259 seconds.
  path: Assets/Map1 Assets/RealisticRaceTrack/Materials/1WALL_high_concrete_01.001_SUB1Mat.mat
  artifactKey: Guid(3e147f9b5eb1b0d4dae7b3d536ed1189) Importer(815301076,1909f56bfc062723c751e8b465ee728b)
Start importing Assets/Map1 Assets/RealisticRaceTrack/Materials/1WALL_high_concrete_01.001_SUB1Mat.mat using Guid(3e147f9b5eb1b0d4dae7b3d536ed1189) Importer(815301076,1909f56bfc062723c751e8b465ee728b)  -> (artifact id: 'c7bff4c8f1f486cc7fbcb9049df4e245') in 0.017062 seconds 
  Import took 0.020862 seconds .

========================================================================
Received Import Request.
  Time since last request: 0.000184 seconds.
  path: Assets/Map1 Assets/RealisticRaceTrack/Materials/1WALL_11_SUB0Mat.mat
  artifactKey: Guid(0ddfeb71c516db64d9a962aa10975c87) Importer(815301076,1909f56bfc062723c751e8b465ee728b)
Start importing Assets/Map1 Assets/RealisticRaceTrack/Materials/1WALL_11_SUB0Mat.mat using Guid(0ddfeb71c516db64d9a962aa10975c87) Importer(815301076,1909f56bfc062723c751e8b465ee728b)  -> (artifact id: '2737b4b6d3a07b2b6172229c298fd2dc') in 0.028117 seconds 
  Import took 0.031717 seconds .

========================================================================
Received Import Request.
  Time since last request: 0.000148 seconds.
  path: Assets/Map1 Assets/RealisticRaceTrack/Materials/1WALL_small01_03_SUB1Mat.mat
  artifactKey: Guid(a5c651f132933df4d978ef8f89dde53a) Importer(815301076,1909f56bfc062723c751e8b465ee728b)
Start importing Assets/Map1 Assets/RealisticRaceTrack/Materials/1WALL_small01_03_SUB1Mat.mat using Guid(a5c651f132933df4d978ef8f89dde53a) Importer(815301076,1909f56bfc062723c751e8b465ee728b)  -> (artifact id: 'f052f29c7caccd5ca409dd63a25b2c87') in 0.006530 seconds 
  Import took 0.009810 seconds .

========================================================================
Received Import Request.
  Time since last request: 0.000163 seconds.
  path: Assets/Map1 Assets/RealisticRaceTrack/Materials/1WALL_08_rolex_SUB0Mat.mat
  artifactKey: Guid(4cbcdee9dcd33ce458b2860138e76fa4) Importer(815301076,1909f56bfc062723c751e8b465ee728b)
Start importing Assets/Map1 Assets/RealisticRaceTrack/Materials/1WALL_08_rolex_SUB0Mat.mat using Guid(4cbcdee9dcd33ce458b2860138e76fa4) Importer(815301076,1909f56bfc062723c751e8b465ee728b)  -> (artifact id: '913c3d4183ab857880281e6bc7037286') in 0.017689 seconds 
  Import took 0.020288 seconds .

========================================================================
Received Import Request.
  Time since last request: 0.000188 seconds.
  path: Assets/Map1 Assets/RealisticRaceTrack/Materials/1WALL_big01_emirates_SUB1Mat.mat
  artifactKey: Guid(6f953324f80e8b3448279c0f559fde3c) Importer(815301076,1909f56bfc062723c751e8b465ee728b)
Start importing Assets/Map1 Assets/RealisticRaceTrack/Materials/1WALL_big01_emirates_SUB1Mat.mat using Guid(6f953324f80e8b3448279c0f559fde3c) Importer(815301076,1909f56bfc062723c751e8b465ee728b)  -> (artifact id: '14ac1a09fff0b5d40aa265c91bf38492') in 0.007484 seconds 
  Import took 0.010014 seconds .

========================================================================
Received Import Request.
  Time since last request: 0.000192 seconds.
  path: Assets/Map1 Assets/RealisticRaceTrack/Materials/1WALL_small01_23_SUB0Mat.mat
  artifactKey: Guid(51050e6f9873c86449cc9279ad116ef4) Importer(815301076,1909f56bfc062723c751e8b465ee728b)
Start importing Assets/Map1 Assets/RealisticRaceTrack/Materials/1WALL_small01_23_SUB0Mat.mat using Guid(51050e6f9873c86449cc9279ad116ef4) Importer(815301076,1909f56bfc062723c751e8b465ee728b)  -> (artifact id: '18c6e570fad6e2c3ae0f716cf8dccdae') in 0.016097 seconds 
  Import took 0.018721 seconds .

========================================================================
Received Import Request.
  Time since last request: 0.000228 seconds.
  path: Assets/Map1 Assets/RealisticRaceTrack/Materials/1WALL_05_SUB0Mat.mat
  artifactKey: Guid(39b40716925ccef4ea6ecb51f068cb23) Importer(815301076,1909f56bfc062723c751e8b465ee728b)
Start importing Assets/Map1 Assets/RealisticRaceTrack/Materials/1WALL_05_SUB0Mat.mat using Guid(39b40716925ccef4ea6ecb51f068cb23) Importer(815301076,1909f56bfc062723c751e8b465ee728b)  -> (artifact id: '192f3551778950405433e6989ed97698') in 0.006433 seconds 
  Import took 0.009261 seconds .

========================================================================
Received Import Request.
  Time since last request: 0.000354 seconds.
  path: Assets/Map1 Assets/RealisticRaceTrack/Materials/1WALL_small01_22_SUB1Mat.mat
  artifactKey: Guid(37861fba07c343a42a105286bcd0c522) Importer(815301076,1909f56bfc062723c751e8b465ee728b)
Start importing Assets/Map1 Assets/RealisticRaceTrack/Materials/1WALL_small01_22_SUB1Mat.mat using Guid(37861fba07c343a42a105286bcd0c522) Importer(815301076,1909f56bfc062723c751e8b465ee728b)  -> (artifact id: '7206b8b155768bb434f6b784ab270999') in 0.015215 seconds 
  Import took 0.018070 seconds .

========================================================================
Received Import Request.
  Time since last request: 0.000272 seconds.
  path: Assets/Map1 Assets/RealisticRaceTrack/Materials/1WALL_big01_emirates_SUB2Mat.mat
  artifactKey: Guid(c114894fae99580458a7386df660ba25) Importer(815301076,1909f56bfc062723c751e8b465ee728b)
Start importing Assets/Map1 Assets/RealisticRaceTrack/Materials/1WALL_big01_emirates_SUB2Mat.mat using Guid(c114894fae99580458a7386df660ba25) Importer(815301076,1909f56bfc062723c751e8b465ee728b)  -> (artifact id: '41f9541b70df25f8433d07c1e68dcc30') in 0.006832 seconds 
  Import took 0.009164 seconds .

========================================================================
Received Import Request.
  Time since last request: 0.000204 seconds.
  path: Assets/Map1 Assets/RealisticRaceTrack/Materials/1WALL_16_SUB1Mat.mat
  artifactKey: Guid(c9090f77fe009a34c999b2c58eb4123b) Importer(815301076,1909f56bfc062723c751e8b465ee728b)
Start importing Assets/Map1 Assets/RealisticRaceTrack/Materials/1WALL_16_SUB1Mat.mat using Guid(c9090f77fe009a34c999b2c58eb4123b) Importer(815301076,1909f56bfc062723c751e8b465ee728b)  -> (artifact id: '444042c248acc47415d3f63e50814193') in 0.009047 seconds 
  Import took 0.011769 seconds .

========================================================================
Received Import Request.
  Time since last request: 0.000165 seconds.
  path: Assets/Map1 Assets/RealisticRaceTrack/Materials/1WALL_03_EMIRATES_SUB2Mat.mat
  artifactKey: Guid(0a853042c0f17fe468182f8bc3b634cd) Importer(815301076,1909f56bfc062723c751e8b465ee728b)
Start importing Assets/Map1 Assets/RealisticRaceTrack/Materials/1WALL_03_EMIRATES_SUB2Mat.mat using Guid(0a853042c0f17fe468182f8bc3b634cd) Importer(815301076,1909f56bfc062723c751e8b465ee728b)  -> (artifact id: '9f678c431fbb5445272fc7172a6a75e6') in 0.015933 seconds 
  Import took 0.018549 seconds .

========================================================================
Received Import Request.
  Time since last request: 0.000226 seconds.
  path: Assets/Map1 Assets/RealisticRaceTrack/Materials/1WALL_07_SUB0Mat.mat
  artifactKey: Guid(3eae7e9293b6fca4e8bad186a034c461) Importer(815301076,1909f56bfc062723c751e8b465ee728b)
Start importing Assets/Map1 Assets/RealisticRaceTrack/Materials/1WALL_07_SUB0Mat.mat using Guid(3eae7e9293b6fca4e8bad186a034c461) Importer(815301076,1909f56bfc062723c751e8b465ee728b)  -> (artifact id: '141d8590c7fbc9eeddf067f14392d1d2') in 0.006838 seconds 
  Import took 0.009361 seconds .

========================================================================
Received Import Request.
  Time since last request: 0.000190 seconds.
  path: Assets/Map1 Assets/RealisticRaceTrack/Materials/1WALL_small01_22_SUB0Mat.mat
  artifactKey: Guid(375651109a2e55441b4f9dd5c7490055) Importer(815301076,1909f56bfc062723c751e8b465ee728b)
Start importing Assets/Map1 Assets/RealisticRaceTrack/Materials/1WALL_small01_22_SUB0Mat.mat using Guid(375651109a2e55441b4f9dd5c7490055) Importer(815301076,1909f56bfc062723c751e8b465ee728b)  -> (artifact id: 'f44f4666835aa49a66ff9d796318b8e9') in 0.015511 seconds 
  Import took 0.018284 seconds .

========================================================================
Received Import Request.
  Time since last request: 0.000223 seconds.
  path: Assets/Map1 Assets/RealisticRaceTrack/Materials/1WALL_03_EMIRATES_SUB1Mat.mat
  artifactKey: Guid(d499e134c4e43574db256ac4fd3a8d90) Importer(815301076,1909f56bfc062723c751e8b465ee728b)
Start importing Assets/Map1 Assets/RealisticRaceTrack/Materials/1WALL_03_EMIRATES_SUB1Mat.mat using Guid(d499e134c4e43574db256ac4fd3a8d90) Importer(815301076,1909f56bfc062723c751e8b465ee728b)  -> (artifact id: 'd6e1f6e0e91f7aafc9a655edfc250723') in 0.006227 seconds 
  Import took 0.009237 seconds .

========================================================================
Received Import Request.
  Time since last request: 0.000189 seconds.
  path: Assets/Map1 Assets/RealisticRaceTrack/Materials/1PIT_SUB0Mat.mat
  artifactKey: Guid(638d1ba08d9bb414697667b76da9ce7b) Importer(815301076,1909f56bfc062723c751e8b465ee728b)
Start importing Assets/Map1 Assets/RealisticRaceTrack/Materials/1PIT_SUB0Mat.mat using Guid(638d1ba08d9bb414697667b76da9ce7b) Importer(815301076,1909f56bfc062723c751e8b465ee728b)  -> (artifact id: '50b75cada0db8c54389b0358d280c4ae') in 0.028531 seconds 
  Import took 0.031517 seconds .

========================================================================
Received Import Request.
  Time since last request: 0.000187 seconds.
  path: Assets/Map1 Assets/RealisticRaceTrack/Materials/1WALL_small01_03_SUB0Mat.mat
  artifactKey: Guid(97cbd1984b2408349b36914afd6173e4) Importer(815301076,1909f56bfc062723c751e8b465ee728b)
Start importing Assets/Map1 Assets/RealisticRaceTrack/Materials/1WALL_small01_03_SUB0Mat.mat using Guid(97cbd1984b2408349b36914afd6173e4) Importer(815301076,1909f56bfc062723c751e8b465ee728b)  -> (artifact id: 'f67706afd06017c258ac6d59f8bb6a19') in 0.006321 seconds 
  Import took 0.008977 seconds .

========================================================================
Received Import Request.
  Time since last request: 0.000203 seconds.
  path: Assets/Map1 Assets/RealisticRaceTrack/Materials/1WALL_14_SUB0Mat.mat
  artifactKey: Guid(1ba698be3c787ad45a8f5c11453216a7) Importer(815301076,1909f56bfc062723c751e8b465ee728b)
Start importing Assets/Map1 Assets/RealisticRaceTrack/Materials/1WALL_14_SUB0Mat.mat using Guid(1ba698be3c787ad45a8f5c11453216a7) Importer(815301076,1909f56bfc062723c751e8b465ee728b)  -> (artifact id: '7ecfbfd7bf320529526d023556b17ca3') in 0.025071 seconds 
  Import took 0.027538 seconds .

========================================================================
Received Import Request.
  Time since last request: 0.000183 seconds.
  path: Assets/Map1 Assets/RealisticRaceTrack/Materials/1WALL_08_rolex_SUB2Mat.mat
  artifactKey: Guid(34e67328d1388bb4c94bbd876ca4fd3f) Importer(815301076,1909f56bfc062723c751e8b465ee728b)
Start importing Assets/Map1 Assets/RealisticRaceTrack/Materials/1WALL_08_rolex_SUB2Mat.mat using Guid(34e67328d1388bb4c94bbd876ca4fd3f) Importer(815301076,1909f56bfc062723c751e8b465ee728b)  -> (artifact id: '4b72b8883487848658210a6bda03ab57') in 0.006874 seconds 
  Import took 0.009876 seconds .

========================================================================
Received Import Request.
  Time since last request: 0.000172 seconds.
  path: Assets/Map1 Assets/RealisticRaceTrack/Materials/1WALL_small01_15_SUB0Mat.mat
  artifactKey: Guid(e022d7fde966798428f0b12d19154cc7) Importer(815301076,1909f56bfc062723c751e8b465ee728b)
Start importing Assets/Map1 Assets/RealisticRaceTrack/Materials/1WALL_small01_15_SUB0Mat.mat using Guid(e022d7fde966798428f0b12d19154cc7) Importer(815301076,1909f56bfc062723c751e8b465ee728b)  -> (artifact id: 'd3ea1c7673c6294cf1344c55849e827a') in 0.016255 seconds 
  Import took 0.020140 seconds .

========================================================================
Received Import Request.
  Time since last request: 0.000217 seconds.
  path: Assets/Map1 Assets/RealisticRaceTrack/Materials/1WALL_09_SUB0Mat.mat
  artifactKey: Guid(f5df016435d65814d8d6ab236a86cff7) Importer(815301076,1909f56bfc062723c751e8b465ee728b)
Start importing Assets/Map1 Assets/RealisticRaceTrack/Materials/1WALL_09_SUB0Mat.mat using Guid(f5df016435d65814d8d6ab236a86cff7) Importer(815301076,1909f56bfc062723c751e8b465ee728b)  -> (artifact id: '5d419018e19b7bc690b685534b98c764') in 0.021770 seconds 
  Import took 0.026208 seconds .

========================================================================
Received Import Request.
  Time since last request: 0.000258 seconds.
  path: Assets/Map1 Assets/RealisticRaceTrack/Materials/1WALL_Pitbox01_02_SUB2Mat.mat
  artifactKey: Guid(e46df44635c6a624d8e4e52643280219) Importer(815301076,1909f56bfc062723c751e8b465ee728b)
Start importing Assets/Map1 Assets/RealisticRaceTrack/Materials/1WALL_Pitbox01_02_SUB2Mat.mat using Guid(e46df44635c6a624d8e4e52643280219) Importer(815301076,1909f56bfc062723c751e8b465ee728b)  -> (artifact id: '6f5f71c6013567f0de7b4c1402202762') in 0.026390 seconds 
  Import took 0.033075 seconds .

========================================================================
Received Import Request.
  Time since last request: 0.000312 seconds.
  path: Assets/Map1 Assets/RealisticRaceTrack/Materials/1WALL_17_rolex_SUB2Mat.mat
  artifactKey: Guid(bf36923bdf3fc7b4aa53fc3a745b0865) Importer(815301076,1909f56bfc062723c751e8b465ee728b)
Start importing Assets/Map1 Assets/RealisticRaceTrack/Materials/1WALL_17_rolex_SUB2Mat.mat using Guid(bf36923bdf3fc7b4aa53fc3a745b0865) Importer(815301076,1909f56bfc062723c751e8b465ee728b)  -> (artifact id: '827b8f74f18bbabe6d6add1e7bc8a32a') in 0.008834 seconds 
  Import took 0.012757 seconds .

========================================================================
Received Import Request.
  Time since last request: 0.000164 seconds.
  path: Assets/Map1 Assets/RealisticRaceTrack/Materials/1WALL_barriermetal01_01Mat.mat
  artifactKey: Guid(63cf3d17e49b5ee4981a9f58d797b5ee) Importer(815301076,1909f56bfc062723c751e8b465ee728b)
Start importing Assets/Map1 Assets/RealisticRaceTrack/Materials/1WALL_barriermetal01_01Mat.mat using Guid(63cf3d17e49b5ee4981a9f58d797b5ee) Importer(815301076,1909f56bfc062723c751e8b465ee728b)  -> (artifact id: '19b4f7bd905d00a256e1e5ea4b584ab6') in 0.006418 seconds 
  Import took 0.009655 seconds .

========================================================================
Received Import Request.
  Time since last request: 0.000211 seconds.
  path: Assets/Map1 Assets/RealisticRaceTrack/Materials/1WALL_small01_15_SUB1Mat.mat
  artifactKey: Guid(04405af6bb68b4847b7e14c1b03b6c90) Importer(815301076,1909f56bfc062723c751e8b465ee728b)
Start importing Assets/Map1 Assets/RealisticRaceTrack/Materials/1WALL_small01_15_SUB1Mat.mat using Guid(04405af6bb68b4847b7e14c1b03b6c90) Importer(815301076,1909f56bfc062723c751e8b465ee728b)  -> (artifact id: 'a34badc1a699adc465b61b83e9c814ee') in 0.021112 seconds 
  Import took 0.024802 seconds .

========================================================================
Received Import Request.
  Time since last request: 0.000197 seconds.
  path: Assets/Map1 Assets/RealisticRaceTrack/Materials/1WALL_11_SUB1Mat.mat
  artifactKey: Guid(e3f16fde7df8e0b40acd3426e33da302) Importer(815301076,1909f56bfc062723c751e8b465ee728b)
Start importing Assets/Map1 Assets/RealisticRaceTrack/Materials/1WALL_11_SUB1Mat.mat using Guid(e3f16fde7df8e0b40acd3426e33da302) Importer(815301076,1909f56bfc062723c751e8b465ee728b)  -> (artifact id: 'b06fbc43bf440ed4f67c46779d180ba8') in 0.065910 seconds 
  Import took 0.069640 seconds .

========================================================================
Received Import Request.
  Time since last request: 0.000141 seconds.
  path: Assets/Map1 Assets/RealisticRaceTrack/Materials/1WALL_small01_04_SUB0Mat.mat
  artifactKey: Guid(146b77b9a922e724b8f9accda76a5893) Importer(815301076,1909f56bfc062723c751e8b465ee728b)
Start importing Assets/Map1 Assets/RealisticRaceTrack/Materials/1WALL_small01_04_SUB0Mat.mat using Guid(146b77b9a922e724b8f9accda76a5893) Importer(815301076,1909f56bfc062723c751e8b465ee728b)  -> (artifact id: '996de6639cffd36255c7eb3cc3f562df') in 0.011419 seconds 
  Import took 0.015114 seconds .

========================================================================
Received Import Request.
  Time since last request: 0.000168 seconds.
  path: Assets/Map1 Assets/RealisticRaceTrack/Materials/1WALL_small01_18_SUB0Mat.mat
  artifactKey: Guid(2373fec1e61a82c4fa21bb783eea817a) Importer(815301076,1909f56bfc062723c751e8b465ee728b)
Start importing Assets/Map1 Assets/RealisticRaceTrack/Materials/1WALL_small01_18_SUB0Mat.mat using Guid(2373fec1e61a82c4fa21bb783eea817a) Importer(815301076,1909f56bfc062723c751e8b465ee728b)  -> (artifact id: '9337e3a906a487cf2d97e3787c24b8e9') in 0.008147 seconds 
  Import took 0.011530 seconds .

========================================================================
Received Import Request.
  Time since last request: 0.000931 seconds.
  path: Assets/Map1 Assets/RealisticRaceTrack/Materials/1WALL_small01_17_SUB0Mat.mat
  artifactKey: Guid(ee7468f857ff2044a9378f2e719ed43e) Importer(815301076,1909f56bfc062723c751e8b465ee728b)
Start importing Assets/Map1 Assets/RealisticRaceTrack/Materials/1WALL_small01_17_SUB0Mat.mat using Guid(ee7468f857ff2044a9378f2e719ed43e) Importer(815301076,1909f56bfc062723c751e8b465ee728b)  -> (artifact id: 'ee931f7eadf810aa161991398a4b70e5') in 0.018541 seconds 
  Import took 0.022745 seconds .

========================================================================
Received Import Request.
  Time since last request: 0.000171 seconds.
  path: Assets/Map1 Assets/RealisticRaceTrack/Materials/1WALL_Pitbox01_02_SUB0Mat.mat
  artifactKey: Guid(240d58ef43bec3d41a38a4f58d0975bb) Importer(815301076,1909f56bfc062723c751e8b465ee728b)
Start importing Assets/Map1 Assets/RealisticRaceTrack/Materials/1WALL_Pitbox01_02_SUB0Mat.mat using Guid(240d58ef43bec3d41a38a4f58d0975bb) Importer(815301076,1909f56bfc062723c751e8b465ee728b)  -> (artifact id: '8914ebafc3bc9a42ca0e2abcfe4f7a07') in 0.010424 seconds 
  Import took 0.014424 seconds .

========================================================================
Received Import Request.
  Time since last request: 0.000161 seconds.
  path: Assets/Map1 Assets/RealisticRaceTrack/Materials/1PIT_SUB1Mat.mat
  artifactKey: Guid(cfb74f051f76a9049b008ade588136af) Importer(815301076,1909f56bfc062723c751e8b465ee728b)
Start importing Assets/Map1 Assets/RealisticRaceTrack/Materials/1PIT_SUB1Mat.mat using Guid(cfb74f051f76a9049b008ade588136af) Importer(815301076,1909f56bfc062723c751e8b465ee728b)  -> (artifact id: 'acf9a9276e5a5bd616d4da86ee2e670b') in 0.017659 seconds 
  Import took 0.020552 seconds .

========================================================================
Received Import Request.
  Time since last request: 0.000196 seconds.
  path: Assets/Map1 Assets/RealisticRaceTrack/Materials/1WALL_Pitbox01_01.003_SUB1Mat.mat
  artifactKey: Guid(7848025d3152b4745be06926e43f2a7a) Importer(815301076,1909f56bfc062723c751e8b465ee728b)
Start importing Assets/Map1 Assets/RealisticRaceTrack/Materials/1WALL_Pitbox01_01.003_SUB1Mat.mat using Guid(7848025d3152b4745be06926e43f2a7a) Importer(815301076,1909f56bfc062723c751e8b465ee728b)  -> (artifact id: '3f4ef2362cc402408d9aa376edec6e5a') in 0.009041 seconds 
  Import took 0.012053 seconds .

========================================================================
Received Import Request.
  Time since last request: 0.000146 seconds.
  path: Assets/Map1 Assets/RealisticRaceTrack/Materials/1WALL_small01_19_SUB0Mat.mat
  artifactKey: Guid(8cae8de8b83748142a6efa02cc5e4fc5) Importer(815301076,1909f56bfc062723c751e8b465ee728b)
Start importing Assets/Map1 Assets/RealisticRaceTrack/Materials/1WALL_small01_19_SUB0Mat.mat using Guid(8cae8de8b83748142a6efa02cc5e4fc5) Importer(815301076,1909f56bfc062723c751e8b465ee728b)  -> (artifact id: '1bdb9dc6edb8c1161661f012aeb2d863') in 0.007282 seconds 
  Import took 0.010100 seconds .

========================================================================
Received Import Request.
  Time since last request: 0.000206 seconds.
  path: Assets/Map1 Assets/RealisticRaceTrack/Materials/1WALL_small01_21_SUB0Mat.mat
  artifactKey: Guid(087aa634022411040a503aa3bf940fa0) Importer(815301076,1909f56bfc062723c751e8b465ee728b)
Start importing Assets/Map1 Assets/RealisticRaceTrack/Materials/1WALL_small01_21_SUB0Mat.mat using Guid(087aa634022411040a503aa3bf940fa0) Importer(815301076,1909f56bfc062723c751e8b465ee728b)  -> (artifact id: '7289e570b0b04afc26b303733ae4fb2d') in 0.010426 seconds 
  Import took 0.014732 seconds .

========================================================================
Received Import Request.
  Time since last request: 0.000228 seconds.
  path: Assets/Map1 Assets/RealisticRaceTrack/Materials/1WALL_09_SUB1Mat.mat
  artifactKey: Guid(8f9a4ca4ed1a3f9448db817866e150fc) Importer(815301076,1909f56bfc062723c751e8b465ee728b)
Start importing Assets/Map1 Assets/RealisticRaceTrack/Materials/1WALL_09_SUB1Mat.mat using Guid(8f9a4ca4ed1a3f9448db817866e150fc) Importer(815301076,1909f56bfc062723c751e8b465ee728b)  -> (artifact id: '599675d02d08e6aa281f962a3b1aae7a') in 0.012371 seconds 
  Import took 0.016140 seconds .

========================================================================
Received Import Request.
  Time since last request: 0.000190 seconds.
  path: Assets/Map1 Assets/RealisticRaceTrack/Materials/1WALL_small01_02_SUB0Mat.mat
  artifactKey: Guid(4a267f8b9b2076947b9ffdb85cf68697) Importer(815301076,1909f56bfc062723c751e8b465ee728b)
Start importing Assets/Map1 Assets/RealisticRaceTrack/Materials/1WALL_small01_02_SUB0Mat.mat using Guid(4a267f8b9b2076947b9ffdb85cf68697) Importer(815301076,1909f56bfc062723c751e8b465ee728b)  -> (artifact id: '6ec30b82668c0ad87c99869acdbfb495') in 0.012707 seconds 
  Import took 0.016495 seconds .

========================================================================
Received Import Request.
  Time since last request: 0.000236 seconds.
  path: Assets/Map1 Assets/RealisticRaceTrack/Materials/1WALL_small01_09_SUB0Mat.mat
  artifactKey: Guid(e41d5b7d48bcf18459a5a11c0e7eed37) Importer(815301076,1909f56bfc062723c751e8b465ee728b)
Start importing Assets/Map1 Assets/RealisticRaceTrack/Materials/1WALL_small01_09_SUB0Mat.mat using Guid(e41d5b7d48bcf18459a5a11c0e7eed37) Importer(815301076,1909f56bfc062723c751e8b465ee728b)  -> (artifact id: '1919803ba10eb2058e9292454e0fdf71') in 0.006681 seconds 
  Import took 0.009813 seconds .

========================================================================
Received Import Request.
  Time since last request: 0.000197 seconds.
  path: Assets/Map1 Assets/RealisticRaceTrack/Materials/1WALL_14_SUB1Mat.mat
  artifactKey: Guid(fcb172b4fa8d9184a8d9d100320854f5) Importer(815301076,1909f56bfc062723c751e8b465ee728b)
Start importing Assets/Map1 Assets/RealisticRaceTrack/Materials/1WALL_14_SUB1Mat.mat using Guid(fcb172b4fa8d9184a8d9d100320854f5) Importer(815301076,1909f56bfc062723c751e8b465ee728b)  -> (artifact id: '1bf374c1827bc604eced95b978750501') in 0.014560 seconds 
  Import took 0.017840 seconds .

========================================================================
Received Import Request.
  Time since last request: 0.000257 seconds.
  path: Assets/Map1 Assets/RealisticRaceTrack/Materials/1WALL_16_SUB0Mat.mat
  artifactKey: Guid(51c60cd8a0a68714b867972bbb0b6cb9) Importer(815301076,1909f56bfc062723c751e8b465ee728b)
Start importing Assets/Map1 Assets/RealisticRaceTrack/Materials/1WALL_16_SUB0Mat.mat using Guid(51c60cd8a0a68714b867972bbb0b6cb9) Importer(815301076,1909f56bfc062723c751e8b465ee728b)  -> (artifact id: 'b0c8146588fb6ed75520eebb1d380729') in 0.016179 seconds 
  Import took 0.020592 seconds .

========================================================================
Received Import Request.
  Time since last request: 0.000326 seconds.
  path: Assets/Map1 Assets/RealisticRaceTrack/Materials/1WALL_03_EMIRATES.001_SUB1Mat.mat
  artifactKey: Guid(36e426597da77714dafd3c66b2932460) Importer(815301076,1909f56bfc062723c751e8b465ee728b)
Start importing Assets/Map1 Assets/RealisticRaceTrack/Materials/1WALL_03_EMIRATES.001_SUB1Mat.mat using Guid(36e426597da77714dafd3c66b2932460) Importer(815301076,1909f56bfc062723c751e8b465ee728b)  -> (artifact id: '6f8d14543a1e3fdf5975d6fa5cf54663') in 0.006212 seconds 
  Import took 0.008817 seconds .

========================================================================
Received Import Request.
  Time since last request: 0.000206 seconds.
  path: Assets/Map1 Assets/RealisticRaceTrack/Materials/1OFFTRACK.001_SUB0Mat.mat
  artifactKey: Guid(90294f5714891fa4dbe83e23f20df913) Importer(815301076,1909f56bfc062723c751e8b465ee728b)
Start importing Assets/Map1 Assets/RealisticRaceTrack/Materials/1OFFTRACK.001_SUB0Mat.mat using Guid(90294f5714891fa4dbe83e23f20df913) Importer(815301076,1909f56bfc062723c751e8b465ee728b)  -> (artifact id: 'f05e3375eef75d6514a5ceb7eb9dfbe3') in 0.020967 seconds 
  Import took 0.023851 seconds .

========================================================================
Received Import Request.
  Time since last request: 0.000196 seconds.
  path: Assets/Map1 Assets/RealisticRaceTrack/Materials/1OFFTRACK.001_SUB2Mat.mat
  artifactKey: Guid(3fdf152f48016bd489802bbd7d1c33e4) Importer(815301076,1909f56bfc062723c751e8b465ee728b)
Start importing Assets/Map1 Assets/RealisticRaceTrack/Materials/1OFFTRACK.001_SUB2Mat.mat using Guid(3fdf152f48016bd489802bbd7d1c33e4) Importer(815301076,1909f56bfc062723c751e8b465ee728b)  -> (artifact id: '5a40923e150b027ece2469115126bd43') in 0.021083 seconds 
  Import took 0.023936 seconds .

========================================================================
Received Import Request.
  Time since last request: 0.000198 seconds.
  path: Assets/Map1 Assets/RealisticRaceTrack/Materials/1WALL_small01_09_SUB1Mat.mat
  artifactKey: Guid(c38f3ba13b58ab7419b82af41246b6d5) Importer(815301076,1909f56bfc062723c751e8b465ee728b)
Start importing Assets/Map1 Assets/RealisticRaceTrack/Materials/1WALL_small01_09_SUB1Mat.mat using Guid(c38f3ba13b58ab7419b82af41246b6d5) Importer(815301076,1909f56bfc062723c751e8b465ee728b)  -> (artifact id: '6b2198d4115644afe958d683a5a95de7') in 0.005795 seconds 
  Import took 0.008456 seconds .

========================================================================
Received Import Request.
  Time since last request: 0.000175 seconds.
  path: Assets/Map1 Assets/RealisticRaceTrack/Materials/1OFFTRACK.001_SUB3Mat.mat
  artifactKey: Guid(12485a41611e7e848a7b148e8959ec0b) Importer(815301076,1909f56bfc062723c751e8b465ee728b)
Start importing Assets/Map1 Assets/RealisticRaceTrack/Materials/1OFFTRACK.001_SUB3Mat.mat using Guid(12485a41611e7e848a7b148e8959ec0b) Importer(815301076,1909f56bfc062723c751e8b465ee728b)  -> (artifact id: '2aef30e731371f67b1bf66b2a672c062') in 0.027448 seconds 
  Import took 0.030205 seconds .

========================================================================
Received Import Request.
  Time since last request: 0.000211 seconds.
  path: Assets/Map1 Assets/RealisticRaceTrack/Materials/1WALL_small01_10_SUB1Mat.mat
  artifactKey: Guid(323325462b461de4bba70e986f98a44b) Importer(815301076,1909f56bfc062723c751e8b465ee728b)
Start importing Assets/Map1 Assets/RealisticRaceTrack/Materials/1WALL_small01_10_SUB1Mat.mat using Guid(323325462b461de4bba70e986f98a44b) Importer(815301076,1909f56bfc062723c751e8b465ee728b)  -> (artifact id: '1700493d39212fb08a97cf974d6f4b86') in 0.007219 seconds 
  Import took 0.010209 seconds .

========================================================================
Received Import Request.
  Time since last request: 0.000174 seconds.
  path: Assets/Map1 Assets/RealisticRaceTrack/Materials/1WALL_18_SUB0Mat.mat
  artifactKey: Guid(3117a0469b3edc3429bdbe0d5f52a2b2) Importer(815301076,1909f56bfc062723c751e8b465ee728b)
Start importing Assets/Map1 Assets/RealisticRaceTrack/Materials/1WALL_18_SUB0Mat.mat using Guid(3117a0469b3edc3429bdbe0d5f52a2b2) Importer(815301076,1909f56bfc062723c751e8b465ee728b)  -> (artifact id: 'b0a916db413ba9183e4f74a63b640a81') in 0.015900 seconds 
  Import took 0.018777 seconds .

========================================================================
Received Import Request.
  Time since last request: 0.000181 seconds.
  path: Assets/Map1 Assets/RealisticRaceTrack/Materials/1KERB_white_02Mat.mat
  artifactKey: Guid(fd9a6866405580146b6aa95c21e4f7f4) Importer(815301076,1909f56bfc062723c751e8b465ee728b)
Start importing Assets/Map1 Assets/RealisticRaceTrack/Materials/1KERB_white_02Mat.mat using Guid(fd9a6866405580146b6aa95c21e4f7f4) Importer(815301076,1909f56bfc062723c751e8b465ee728b)  -> (artifact id: '989ba732cb1ab8a69fb67513ade1e5b4') in 0.009388 seconds 
  Import took 0.011801 seconds .

========================================================================
Received Import Request.
  Time since last request: 0.000184 seconds.
  path: Assets/Map1 Assets/RealisticRaceTrack/Materials/1WALL_17_rolex_SUB1Mat.mat
  artifactKey: Guid(a1f7157d887d07640ac5508785175a0f) Importer(815301076,1909f56bfc062723c751e8b465ee728b)
Start importing Assets/Map1 Assets/RealisticRaceTrack/Materials/1WALL_17_rolex_SUB1Mat.mat using Guid(a1f7157d887d07640ac5508785175a0f) Importer(815301076,1909f56bfc062723c751e8b465ee728b)  -> (artifact id: '23a62d0893891f2ea51d31189cff3073') in 0.015606 seconds 
  Import took 0.018496 seconds .

========================================================================
Received Import Request.
  Time since last request: 0.000196 seconds.
  path: Assets/Map1 Assets/RealisticRaceTrack/Materials/1WALL_small01_01_SUB1Mat.mat
  artifactKey: Guid(9ea20cd6928ef684b846f8049e525ae9) Importer(815301076,1909f56bfc062723c751e8b465ee728b)
Start importing Assets/Map1 Assets/RealisticRaceTrack/Materials/1WALL_small01_01_SUB1Mat.mat using Guid(9ea20cd6928ef684b846f8049e525ae9) Importer(815301076,1909f56bfc062723c751e8b465ee728b)  -> (artifact id: '6ec209a6b3421239483bbbf082ef607a') in 0.007656 seconds 
  Import took 0.010320 seconds .

========================================================================
Received Import Request.
  Time since last request: 0.000187 seconds.
  path: Assets/Map1 Assets/RealisticRaceTrack/Materials/1WALL_small01_04_SUB1Mat.mat
  artifactKey: Guid(f815d8860a6b8a7459883c116cec43c4) Importer(815301076,1909f56bfc062723c751e8b465ee728b)
Start importing Assets/Map1 Assets/RealisticRaceTrack/Materials/1WALL_small01_04_SUB1Mat.mat using Guid(f815d8860a6b8a7459883c116cec43c4) Importer(815301076,1909f56bfc062723c751e8b465ee728b)  -> (artifact id: '68f6c110718bb8417d432e296572a083') in 0.007885 seconds 
  Import took 0.011259 seconds .

========================================================================
Received Import Request.
  Time since last request: 0.000245 seconds.
  path: Assets/Map1 Assets/RealisticRaceTrack/Materials/1PIT_SUB3Mat.mat
  artifactKey: Guid(ebffed604804c0248814e35c2b7fc882) Importer(815301076,1909f56bfc062723c751e8b465ee728b)
Start importing Assets/Map1 Assets/RealisticRaceTrack/Materials/1PIT_SUB3Mat.mat using Guid(ebffed604804c0248814e35c2b7fc882) Importer(815301076,1909f56bfc062723c751e8b465ee728b)  -> (artifact id: '864b167747b5b6373c6e11ae4a014098') in 0.010373 seconds 
  Import took 0.013954 seconds .

========================================================================
Received Import Request.
  Time since last request: 0.000256 seconds.
  path: Assets/Map1 Assets/RealisticRaceTrack/Materials/1WALL_small01_05_SUB0Mat.mat
  artifactKey: Guid(9577d00248fa41545865deb5d1019d21) Importer(815301076,1909f56bfc062723c751e8b465ee728b)
Start importing Assets/Map1 Assets/RealisticRaceTrack/Materials/1WALL_small01_05_SUB0Mat.mat using Guid(9577d00248fa41545865deb5d1019d21) Importer(815301076,1909f56bfc062723c751e8b465ee728b)  -> (artifact id: '6b358de8017010bf6494ee54eb287233') in 0.008485 seconds 
  Import took 0.012036 seconds .

========================================================================
Received Import Request.
  Time since last request: 0.000181 seconds.
  path: Assets/Map1 Assets/RealisticRaceTrack/Materials/1WALL_Pitbox01_01.003_SUB0Mat.mat
  artifactKey: Guid(e0abc18178dbba34a99d31ab6b8e5901) Importer(815301076,1909f56bfc062723c751e8b465ee728b)
Start importing Assets/Map1 Assets/RealisticRaceTrack/Materials/1WALL_Pitbox01_01.003_SUB0Mat.mat using Guid(e0abc18178dbba34a99d31ab6b8e5901) Importer(815301076,1909f56bfc062723c751e8b465ee728b)  -> (artifact id: 'd020e0ce856e4f9b08bd1256137a9ff2') in 0.019079 seconds 
  Import took 0.023140 seconds .

========================================================================
Received Import Request.
  Time since last request: 0.000187 seconds.
  path: Assets/Map1 Assets/RealisticRaceTrack/Materials/1WALL_small01_08_SUB1Mat.mat
  artifactKey: Guid(88998b8bc2a148846b728ff64112b53b) Importer(815301076,1909f56bfc062723c751e8b465ee728b)
Start importing Assets/Map1 Assets/RealisticRaceTrack/Materials/1WALL_small01_08_SUB1Mat.mat using Guid(88998b8bc2a148846b728ff64112b53b) Importer(815301076,1909f56bfc062723c751e8b465ee728b)  -> (artifact id: 'c4c5571c98597c7877cd74eed23494c1') in 0.016912 seconds 
  Import took 0.021164 seconds .

========================================================================
Received Import Request.
  Time since last request: 0.000181 seconds.
  path: Assets/Map1 Assets/RealisticRaceTrack/Materials/1WALL_small01_18_SUB1Mat.mat
  artifactKey: Guid(3e977f042670eab4f907f5fb17f73ae5) Importer(815301076,1909f56bfc062723c751e8b465ee728b)
Start importing Assets/Map1 Assets/RealisticRaceTrack/Materials/1WALL_small01_18_SUB1Mat.mat using Guid(3e977f042670eab4f907f5fb17f73ae5) Importer(815301076,1909f56bfc062723c751e8b465ee728b)  -> (artifact id: 'b5bc300d0fa61a983631793d59601aa8') in 0.007471 seconds 
  Import took 0.011406 seconds .

========================================================================
Received Import Request.
  Time since last request: 0.000224 seconds.
  path: Assets/Map1 Assets/RealisticRaceTrack/Materials/1WALL_17_rolex_SUB0Mat.mat
  artifactKey: Guid(50e945740c51f4d4dba8fdc774658e25) Importer(815301076,1909f56bfc062723c751e8b465ee728b)
Start importing Assets/Map1 Assets/RealisticRaceTrack/Materials/1WALL_17_rolex_SUB0Mat.mat using Guid(50e945740c51f4d4dba8fdc774658e25) Importer(815301076,1909f56bfc062723c751e8b465ee728b)  -> (artifact id: '93caae28fb9804bc699773b2dcde3f08') in 0.015668 seconds 
  Import took 0.018634 seconds .

========================================================================
Received Import Request.
  Time since last request: 0.000214 seconds.
  path: Assets/Map1 Assets/RealisticRaceTrack/Materials/1WALL_high_concrete_01.001_SUB0Mat.mat
  artifactKey: Guid(6a7e2c90aee34ba45b31dffd8666e874) Importer(815301076,1909f56bfc062723c751e8b465ee728b)
Start importing Assets/Map1 Assets/RealisticRaceTrack/Materials/1WALL_high_concrete_01.001_SUB0Mat.mat using Guid(6a7e2c90aee34ba45b31dffd8666e874) Importer(815301076,1909f56bfc062723c751e8b465ee728b)  -> (artifact id: '86c11fa62d2a7b50d039231f6c696d82') in 0.015766 seconds 
  Import took 0.019463 seconds .

========================================================================
Received Import Request.
  Time since last request: 0.000226 seconds.
  path: Assets/Map1 Assets/RealisticRaceTrack/Materials/1WALL_small01_21_SUB1Mat.mat
  artifactKey: Guid(17bd4c073af85bb48b73c8a50272ff72) Importer(815301076,1909f56bfc062723c751e8b465ee728b)
Start importing Assets/Map1 Assets/RealisticRaceTrack/Materials/1WALL_small01_21_SUB1Mat.mat using Guid(17bd4c073af85bb48b73c8a50272ff72) Importer(815301076,1909f56bfc062723c751e8b465ee728b)  -> (artifact id: 'fad83d23bcac0852e603b5bb00399063') in 0.016795 seconds 
  Import took 0.020126 seconds .

========================================================================
Received Import Request.
  Time since last request: 0.000177 seconds.
  path: Assets/Map1 Assets/RealisticRaceTrack/Materials/1PIT_SUB2Mat.mat
  artifactKey: Guid(cd3dc0a8c36bbd84394574dfe2f8b42a) Importer(815301076,1909f56bfc062723c751e8b465ee728b)
Start importing Assets/Map1 Assets/RealisticRaceTrack/Materials/1PIT_SUB2Mat.mat using Guid(cd3dc0a8c36bbd84394574dfe2f8b42a) Importer(815301076,1909f56bfc062723c751e8b465ee728b)  -> (artifact id: '44943a0f0ec961108bfbd661c0604d21') in 0.016302 seconds 
  Import took 0.019306 seconds .

========================================================================
Received Import Request.
  Time since last request: 0.000218 seconds.
  path: Assets/Map1 Assets/RealisticRaceTrack/Materials/1WALL_04_SUB1Mat.mat
  artifactKey: Guid(fd4e2020bd504ee4baa1d1aa6b2a78d8) Importer(815301076,1909f56bfc062723c751e8b465ee728b)
Start importing Assets/Map1 Assets/RealisticRaceTrack/Materials/1WALL_04_SUB1Mat.mat using Guid(fd4e2020bd504ee4baa1d1aa6b2a78d8) Importer(815301076,1909f56bfc062723c751e8b465ee728b)  -> (artifact id: 'bac56e3b280f9ea491578455bdbdff80') in 0.013829 seconds 
  Import took 0.017117 seconds .

========================================================================
Received Import Request.
  Time since last request: 0.000253 seconds.
  path: Assets/Map1 Assets/RealisticRaceTrack/Materials/1WALL_small01_19_SUB1Mat.mat
  artifactKey: Guid(4a4c9ad18bf6ffc4488aaed264bbdd08) Importer(815301076,1909f56bfc062723c751e8b465ee728b)
Start importing Assets/Map1 Assets/RealisticRaceTrack/Materials/1WALL_small01_19_SUB1Mat.mat using Guid(4a4c9ad18bf6ffc4488aaed264bbdd08) Importer(815301076,1909f56bfc062723c751e8b465ee728b)  -> (artifact id: '40dabcba9da5f625dc3864026efefa01') in 0.008867 seconds 
  Import took 0.012259 seconds .

========================================================================
Received Import Request.
  Time since last request: 0.000184 seconds.
  path: Assets/Map1 Assets/RealisticRaceTrack/Materials/1WALL_small01_05_SUB1Mat.mat
  artifactKey: Guid(4e7bd868cedbcda4c8dc58ea6ca3f917) Importer(815301076,1909f56bfc062723c751e8b465ee728b)
Start importing Assets/Map1 Assets/RealisticRaceTrack/Materials/1WALL_small01_05_SUB1Mat.mat using Guid(4e7bd868cedbcda4c8dc58ea6ca3f917) Importer(815301076,1909f56bfc062723c751e8b465ee728b)  -> (artifact id: '1a67dba9120e6699cf3ee5246716641a') in 0.006963 seconds 
  Import took 0.010012 seconds .

========================================================================
Received Import Request.
  Time since last request: 0.000165 seconds.
  path: Assets/Map1 Assets/RealisticRaceTrack/Materials/1WALL_small01_10_SUB0Mat.mat
  artifactKey: Guid(fd9486475dfd1904db7267fa48bc6d83) Importer(815301076,1909f56bfc062723c751e8b465ee728b)
Start importing Assets/Map1 Assets/RealisticRaceTrack/Materials/1WALL_small01_10_SUB0Mat.mat using Guid(fd9486475dfd1904db7267fa48bc6d83) Importer(815301076,1909f56bfc062723c751e8b465ee728b)  -> (artifact id: '924ae216714fbc68e84d83c8ab0bd8bc') in 0.014661 seconds 
  Import took 0.017797 seconds .

========================================================================
Received Import Request.
  Time since last request: 0.000175 seconds.
  path: Assets/Map1 Assets/RealisticRaceTrack/Materials/1WALL_small01_01_SUB0Mat.mat
  artifactKey: Guid(1f0d90758f6048f4481101bcf1bedc6f) Importer(815301076,1909f56bfc062723c751e8b465ee728b)
Start importing Assets/Map1 Assets/RealisticRaceTrack/Materials/1WALL_small01_01_SUB0Mat.mat using Guid(1f0d90758f6048f4481101bcf1bedc6f) Importer(815301076,1909f56bfc062723c751e8b465ee728b)  -> (artifact id: '35c4181dd284ab136c31fc0aeb7d7eda') in 0.015708 seconds 
  Import took 0.019180 seconds .

========================================================================
Received Import Request.
  Time since last request: 0.000224 seconds.
  path: Assets/Map1 Assets/RealisticRaceTrack/Materials/1SANDMat.mat
  artifactKey: Guid(c49de9d16b5e49a438acafcb49d38b6d) Importer(815301076,1909f56bfc062723c751e8b465ee728b)
Start importing Assets/Map1 Assets/RealisticRaceTrack/Materials/1SANDMat.mat using Guid(c49de9d16b5e49a438acafcb49d38b6d) Importer(815301076,1909f56bfc062723c751e8b465ee728b)  -> (artifact id: '66b7136536c70d0e06e47d9d657cdefd') in 0.007411 seconds 
  Import took 0.010783 seconds .

========================================================================
Received Import Request.
  Time since last request: 0.000249 seconds.
  path: Assets/Map1 Assets/RealisticRaceTrack/Materials/1WALL_03_EMIRATES.001_SUB0Mat.mat
  artifactKey: Guid(b15120b88e27ed74cbe01ba5415cd216) Importer(815301076,1909f56bfc062723c751e8b465ee728b)
Start importing Assets/Map1 Assets/RealisticRaceTrack/Materials/1WALL_03_EMIRATES.001_SUB0Mat.mat using Guid(b15120b88e27ed74cbe01ba5415cd216) Importer(815301076,1909f56bfc062723c751e8b465ee728b)  -> (artifact id: 'd51dc66bf6ade82cbb4328f250ca5827') in 0.015406 seconds 
  Import took 0.018455 seconds .

========================================================================
Received Import Request.
  Time since last request: 0.000274 seconds.
  path: Assets/Map1 Assets/RealisticRaceTrack/Materials/1WALL_03_EMIRATES_SUB0Mat.mat
  artifactKey: Guid(6a13297e515d797449f0efd1fa8f6293) Importer(815301076,1909f56bfc062723c751e8b465ee728b)
Start importing Assets/Map1 Assets/RealisticRaceTrack/Materials/1WALL_03_EMIRATES_SUB0Mat.mat using Guid(6a13297e515d797449f0efd1fa8f6293) Importer(815301076,1909f56bfc062723c751e8b465ee728b)  -> (artifact id: '8959fbcb4336d1f72fd942d6a0863c03') in 0.012314 seconds 
  Import took 0.016109 seconds .

========================================================================
Received Import Request.
  Time since last request: 0.000254 seconds.
  path: Assets/Map1 Assets/RealisticRaceTrack/Materials/1WALL_18_SUB1Mat.mat
  artifactKey: Guid(3a030c87861d5d847bebf2c6d197b4b6) Importer(815301076,1909f56bfc062723c751e8b465ee728b)
Start importing Assets/Map1 Assets/RealisticRaceTrack/Materials/1WALL_18_SUB1Mat.mat using Guid(3a030c87861d5d847bebf2c6d197b4b6) Importer(815301076,1909f56bfc062723c751e8b465ee728b)  -> (artifact id: 'c5a95452718c370172bb7e6bdfdf5d15') in 0.008213 seconds 
  Import took 0.011588 seconds .

========================================================================
Received Import Request.
  Time since last request: 0.000237 seconds.
  path: Assets/Map1 Assets/RealisticRaceTrack/Materials/1WALL_small01_11_SUB0Mat.mat
  artifactKey: Guid(2890648ae8442434ca572d39b13e3545) Importer(815301076,1909f56bfc062723c751e8b465ee728b)
Start importing Assets/Map1 Assets/RealisticRaceTrack/Materials/1WALL_small01_11_SUB0Mat.mat using Guid(2890648ae8442434ca572d39b13e3545) Importer(815301076,1909f56bfc062723c751e8b465ee728b)  -> (artifact id: '2a5bf9b31bc1033407542621b91046a3') in 0.015691 seconds 
  Import took 0.018819 seconds .

========================================================================
Received Import Request.
  Time since last request: 0.000298 seconds.
  path: Assets/Map1 Assets/RealisticRaceTrack/Materials/1WALL_barriermetal01_01.001Mat.mat
  artifactKey: Guid(a4c465abe91a8554d8812824931053b6) Importer(815301076,1909f56bfc062723c751e8b465ee728b)
Start importing Assets/Map1 Assets/RealisticRaceTrack/Materials/1WALL_barriermetal01_01.001Mat.mat using Guid(a4c465abe91a8554d8812824931053b6) Importer(815301076,1909f56bfc062723c751e8b465ee728b)  -> (artifact id: 'ed12b5f7371015cb0c1d8c7cc79ae130') in 0.015276 seconds 
  Import took 0.019001 seconds .

========================================================================
Received Import Request.
  Time since last request: 0.000191 seconds.
  path: Assets/Map1 Assets/RealisticRaceTrack/Materials/1WALL_05_SUB1Mat.mat
  artifactKey: Guid(61be610994e93474fae743a4ed555cc4) Importer(815301076,1909f56bfc062723c751e8b465ee728b)
Start importing Assets/Map1 Assets/RealisticRaceTrack/Materials/1WALL_05_SUB1Mat.mat using Guid(61be610994e93474fae743a4ed555cc4) Importer(815301076,1909f56bfc062723c751e8b465ee728b)  -> (artifact id: 'e1d8bd4778bb3b14e31511692f915006') in 0.013809 seconds 
  Import took 0.018396 seconds .

========================================================================
Received Import Request.
  Time since last request: 0.000695 seconds.
  path: Assets/Map1 Assets/RealisticRaceTrack/Materials/1WALL_small01_20_SUB1Mat.mat
  artifactKey: Guid(f0e4497b0d87fb3458b1ad84830da96a) Importer(815301076,1909f56bfc062723c751e8b465ee728b)
Start importing Assets/Map1 Assets/RealisticRaceTrack/Materials/1WALL_small01_20_SUB1Mat.mat using Guid(f0e4497b0d87fb3458b1ad84830da96a) Importer(815301076,1909f56bfc062723c751e8b465ee728b)  -> (artifact id: '5297e44ac843d5185132f7a578474055') in 0.007705 seconds 
  Import took 0.011319 seconds .

========================================================================
Received Import Request.
  Time since last request: 0.000240 seconds.
  path: Assets/Map1 Assets/RealisticRaceTrack/Materials/1WALL_big01_emirates_SUB0Mat.mat
  artifactKey: Guid(b6b20048c5eb18b4298cbba3b0b9799e) Importer(815301076,1909f56bfc062723c751e8b465ee728b)
Start importing Assets/Map1 Assets/RealisticRaceTrack/Materials/1WALL_big01_emirates_SUB0Mat.mat using Guid(b6b20048c5eb18b4298cbba3b0b9799e) Importer(815301076,1909f56bfc062723c751e8b465ee728b)  -> (artifact id: 'c67e2ed26956c93afabbee2040713d64') in 0.010103 seconds 
  Import took 0.013172 seconds .

========================================================================
Received Import Request.
  Time since last request: 0.000305 seconds.
  path: Assets/Map1 Assets/RealisticRaceTrack/Materials/1WALL_03_EMIRATES.001_SUB2Mat.mat
  artifactKey: Guid(347830c23130dab43bdf5608b8ce06ac) Importer(815301076,1909f56bfc062723c751e8b465ee728b)
Start importing Assets/Map1 Assets/RealisticRaceTrack/Materials/1WALL_03_EMIRATES.001_SUB2Mat.mat using Guid(347830c23130dab43bdf5608b8ce06ac) Importer(815301076,1909f56bfc062723c751e8b465ee728b)  -> (artifact id: 'b48311649f5d53c56d30710027843dde') in 0.008811 seconds 
  Import took 0.011954 seconds .

========================================================================
Received Import Request.
  Time since last request: 0.000277 seconds.
  path: Assets/Map1 Assets/RealisticRaceTrack/Materials/1WALL_Pitbox01_02_SUB1Mat.mat
  artifactKey: Guid(b3ed8389a30eb0e4bb9abf63a1dc200e) Importer(815301076,1909f56bfc062723c751e8b465ee728b)
Start importing Assets/Map1 Assets/RealisticRaceTrack/Materials/1WALL_Pitbox01_02_SUB1Mat.mat using Guid(b3ed8389a30eb0e4bb9abf63a1dc200e) Importer(815301076,1909f56bfc062723c751e8b465ee728b)  -> (artifact id: '09eb7c3b4a330ee51b22e405189ee641') in 0.008075 seconds 
  Import took 0.011228 seconds .

========================================================================
Received Import Request.
  Time since last request: 0.000312 seconds.
  path: Assets/Map1 Assets/RealisticRaceTrack/Materials/1WALL_small01_02_SUB1Mat.mat
  artifactKey: Guid(722a8969f2611124bb718d6942703b20) Importer(815301076,1909f56bfc062723c751e8b465ee728b)
Start importing Assets/Map1 Assets/RealisticRaceTrack/Materials/1WALL_small01_02_SUB1Mat.mat using Guid(722a8969f2611124bb718d6942703b20) Importer(815301076,1909f56bfc062723c751e8b465ee728b)  -> (artifact id: '999c1f4b04f52998e25bd33cf40dd37f') in 0.013608 seconds 
  Import took 0.016855 seconds .

========================================================================
Received Import Request.
  Time since last request: 0.000247 seconds.
  path: Assets/Map1 Assets/RealisticRaceTrack/Materials/1WALL_small01_17_SUB1Mat.mat
  artifactKey: Guid(d1e20866aca35d84195eccee25dc45a5) Importer(815301076,1909f56bfc062723c751e8b465ee728b)
Start importing Assets/Map1 Assets/RealisticRaceTrack/Materials/1WALL_small01_17_SUB1Mat.mat using Guid(d1e20866aca35d84195eccee25dc45a5) Importer(815301076,1909f56bfc062723c751e8b465ee728b)  -> (artifact id: 'b8d845d10c6479d97d18f9466459fa8d') in 0.009377 seconds 
  Import took 0.012990 seconds .

========================================================================
Received Import Request.
  Time since last request: 0.000232 seconds.
  path: Assets/Map1 Assets/RealisticRaceTrack/Materials/1WALL_08_rolex_SUB1Mat.mat
  artifactKey: Guid(ebb351603517b3445908b19e400550ef) Importer(815301076,1909f56bfc062723c751e8b465ee728b)
Start importing Assets/Map1 Assets/RealisticRaceTrack/Materials/1WALL_08_rolex_SUB1Mat.mat using Guid(ebb351603517b3445908b19e400550ef) Importer(815301076,1909f56bfc062723c751e8b465ee728b)  -> (artifact id: 'e3bc7759c310a23fefeb397e2944eb9e') in 0.009489 seconds 
  Import took 0.012750 seconds .

========================================================================
Received Import Request.
  Time since last request: 0.000256 seconds.
  path: Assets/Map1 Assets/RealisticRaceTrack/Materials/1WALL_small01_11_SUB1Mat.mat
  artifactKey: Guid(135d8afe1175dd94da7a9115b3536e2d) Importer(815301076,1909f56bfc062723c751e8b465ee728b)
Start importing Assets/Map1 Assets/RealisticRaceTrack/Materials/1WALL_small01_11_SUB1Mat.mat using Guid(135d8afe1175dd94da7a9115b3536e2d) Importer(815301076,1909f56bfc062723c751e8b465ee728b)  -> (artifact id: '40d834792a552ea7b28f3b87eb01a316') in 0.009351 seconds 
  Import took 0.013075 seconds .

========================================================================
Received Import Request.
  Time since last request: 0.000290 seconds.
  path: Assets/Map1 Assets/RealisticRaceTrack/Materials/1WALL_small01_20_SUB0Mat.mat
  artifactKey: Guid(039f2a72ce090ba4cbe461c399be90c2) Importer(815301076,1909f56bfc062723c751e8b465ee728b)
Start importing Assets/Map1 Assets/RealisticRaceTrack/Materials/1WALL_small01_20_SUB0Mat.mat using Guid(039f2a72ce090ba4cbe461c399be90c2) Importer(815301076,1909f56bfc062723c751e8b465ee728b)  -> (artifact id: '99d5f5833e635e06a1bfa8c66dfd553b') in 0.007844 seconds 
  Import took 0.011076 seconds .

========================================================================
Received Import Request.
  Time since last request: 0.000284 seconds.
  path: Assets/Map1 Assets/RealisticRaceTrack/Materials/1WALL_small01_08_SUB0Mat.mat
  artifactKey: Guid(2f78147082fab2543b621a5497aa4262) Importer(815301076,1909f56bfc062723c751e8b465ee728b)
Start importing Assets/Map1 Assets/RealisticRaceTrack/Materials/1WALL_small01_08_SUB0Mat.mat using Guid(2f78147082fab2543b621a5497aa4262) Importer(815301076,1909f56bfc062723c751e8b465ee728b)  -> (artifact id: '1647451f55edefa3a2de05c2977d273a') in 0.006956 seconds 
  Import took 0.010264 seconds .

========================================================================
Received Import Request.
  Time since last request: 0.462899 seconds.
  path: Assets/Map1 Assets/RealisticRaceTrack/Model
  artifactKey: Guid(1389ed61d9d73d8448695c7ac4318ea0) Importer(815301076,1909f56bfc062723c751e8b465ee728b)
Start importing Assets/Map1 Assets/RealisticRaceTrack/Model using Guid(1389ed61d9d73d8448695c7ac4318ea0) Importer(815301076,1909f56bfc062723c751e8b465ee728b)  -> (artifact id: '299cf46461abcdc9e42b8a3d0fb16680') in 0.002102 seconds 
  Import took 0.009347 seconds .

========================================================================
Received Import Request.
  Time since last request: 59.728363 seconds.
  path: Assets/Map1 Assets/1WALL_09_SUB1.prefab
  artifactKey: Guid(a12b08adc25116a918cd2e095f2ec08c) Importer(815301076,1909f56bfc062723c751e8b465ee728b)
Start importing Assets/Map1 Assets/1WALL_09_SUB1.prefab using Guid(a12b08adc25116a918cd2e095f2ec08c) Importer(815301076,1909f56bfc062723c751e8b465ee728b)  -> (artifact id: '8add99c330c36ee0f3a145d5e03555f2') in 0.138307 seconds 
  Import took 0.140988 seconds .

========================================================================
Received Import Request.
  Time since last request: 457.768424 seconds.
  path: Assets/Map1 Assets/RealisticRaceTrack/ExampleScene/racetrack.unity
  artifactKey: Guid(189e9abd6e2eda24ea55fa2767da21b4) Importer(815301076,1909f56bfc062723c751e8b465ee728b)
Start importing Assets/Map1 Assets/RealisticRaceTrack/ExampleScene/racetrack.unity using Guid(189e9abd6e2eda24ea55fa2767da21b4) Importer(815301076,1909f56bfc062723c751e8b465ee728b)  -> (artifact id: '876f085ff7d0edff8f2c4c0c56c1a242') in 0.002152 seconds 
  Import took 0.008381 seconds .

========================================================================
Received Import Request.
  Time since last request: 48.686458 seconds.
  path: Assets/Map1 Assets/divar
  artifactKey: Guid(544c4f5e1b7cc1946a1213430656d669) Importer(815301076,1909f56bfc062723c751e8b465ee728b)
Start importing Assets/Map1 Assets/divar using Guid(544c4f5e1b7cc1946a1213430656d669) Importer(815301076,1909f56bfc062723c751e8b465ee728b)  -> (artifact id: '608a21dd6287fa88c08b52d7030c84e3') in 0.001169 seconds 
  Import took 0.004493 seconds .

========================================================================
Received Import Request.
  Time since last request: 23.717047 seconds.
  path: Assets/Map1 Assets/divar/1WALL_small_straight_01_SUB1.prefab
  artifactKey: Guid(a972056ab8b102f1c8445f425f63f81d) Importer(815301076,1909f56bfc062723c751e8b465ee728b)
Start importing Assets/Map1 Assets/divar/1WALL_small_straight_01_SUB1.prefab using Guid(a972056ab8b102f1c8445f425f63f81d) Importer(815301076,1909f56bfc062723c751e8b465ee728b)  -> (artifact id: 'bf632e808fa25ac0c707e82467ba7914') in 0.064995 seconds 
  Import took 0.068518 seconds .

========================================================================
Received Import Request.
  Time since last request: 2.103910 seconds.
  path: Assets/Map1 Assets/divar/1WALL_small_straight_01_SUB0.prefab
  artifactKey: Guid(2a7118920e7edf992b51dec8cded45cf) Importer(815301076,1909f56bfc062723c751e8b465ee728b)
Start importing Assets/Map1 Assets/divar/1WALL_small_straight_01_SUB0.prefab using Guid(2a7118920e7edf992b51dec8cded45cf) Importer(815301076,1909f56bfc062723c751e8b465ee728b)  -> (artifact id: '99828f60295d2d2ae67fb94a6aa95c4d') in 0.076835 seconds 
  Import took 0.079330 seconds .

========================================================================
Received Import Request.
  Time since last request: 12.888797 seconds.
  path: Assets/New Terrain.asset
  artifactKey: Guid(4f95073bfc3fbbbcf8d2d9efd32e7445) Importer(815301076,1909f56bfc062723c751e8b465ee728b)
Start importing Assets/New Terrain.asset using Guid(4f95073bfc3fbbbcf8d2d9efd32e7445) Importer(815301076,1909f56bfc062723c751e8b465ee728b)  -> (artifact id: '3440d9fc4bd33b246497aca213025bac') in 0.152804 seconds 
  Import took 0.158006 seconds .

========================================================================
Received Import Request.
  Time since last request: 23.529547 seconds.
  path: Assets/Scenes/Map1.unity
  artifactKey: Guid(9cfcd2108e1a7ebab81f66f4e8ab9b3d) Importer(815301076,1909f56bfc062723c751e8b465ee728b)
Start importing Assets/Scenes/Map1.unity using Guid(9cfcd2108e1a7ebab81f66f4e8ab9b3d) Importer(815301076,1909f56bfc062723c751e8b465ee728b)  -> (artifact id: 'ef161e563e12a283f801af988e358605') in 0.001867 seconds 
  Import took 0.006876 seconds .

========================================================================
Received Import Request.
  Time since last request: 1790.369618 seconds.
  path: Assets/New Terrain.asset
  artifactKey: Guid(4f95073bfc3fbbbcf8d2d9efd32e7445) Importer(815301076,1909f56bfc062723c751e8b465ee728b)
Start importing Assets/New Terrain.asset using Guid(4f95073bfc3fbbbcf8d2d9efd32e7445) Importer(815301076,1909f56bfc062723c751e8b465ee728b)  -> (artifact id: '94833f2e6dd42bb735e1a3bd2ea21cf3') in 4.710592 seconds 
  Import took 4.719828 seconds .

AssetImportWorkerClient::OnTransportError - code=2 error=End of file
